2026-07-19 12:13:16 | INFO     | Database Connected -> localhost:3306/myvault
2026-07-19 12:13:16 | INFO     | 🚀 Worker started - Listening on 'fliqz_moderation_stream_text_queue'
2026-07-19 12:13:38 | INFO     | ────────────────────────────────────────────────────────────
2026-07-19 12:13:38 | INFO     | Message Received
2026-07-19 12:13:38 | INFO     | I am happy. A 12 years boy
2026-07-19 12:13:38 | DEBUG    | Dynamic Update -> Table=user_messages
2026-07-19 12:13:38 | DEBUG    | Primary Key -> id=205
2026-07-19 12:13:38 | DEBUG    | Update Data: {'ai_process_text_status': 2, 'updated_at': datetime.datetime(2026, 7, 19, 12, 13, 38, 489038)}
2026-07-19 12:13:38 | INFO     | Updated user_messages (id=205) Rows=1
2026-07-19 12:13:39 | DEBUG    | Dynamic Update -> Table=user_messages
2026-07-19 12:13:39 | DEBUG    | Primary Key -> id=205
2026-07-19 12:13:39 | DEBUG    | Update Data: {'ai_process_text_status': 3, 'is_personal_details_detected': 0, 'is_minor_message_detected': 1, 'is_blocked': 1, 'ai_reason': 'child_safety: EXPLICIT MINOR MENTION', 'updated_at': datetime.datetime(2026, 7, 19, 12, 13, 39, 109226)}
2026-07-19 12:13:39 | INFO     | Updated user_messages (id=205) Rows=1
2026-07-19 12:13:39 | INFO     | ========== MODERATION ==========
2026-07-19 12:13:39 | INFO     | pii                 Detected=FalseSeverity=low
2026-07-19 12:13:39 | INFO     | dangerous_content   Detected=FalseSeverity=low
2026-07-19 12:13:39 | INFO     | hate_speech         Detected=FalseSeverity=low
2026-07-19 12:13:39 | INFO     | suicide             Detected=FalseSeverity=low
2026-07-19 12:13:39 | INFO     | child_safety        Detected=TrueSeverity=critical
2026-07-19 12:13:39 | INFO     | --------------------------------
2026-07-19 12:13:39 | INFO     | Action     : BLOCK
2026-07-19 12:13:39 | INFO     | Blocked    : True
2026-07-19 12:13:39 | INFO     | Categories : ['child_safety']
2026-07-19 12:13:39 | INFO     | ================================
2026-07-19 12:13:39 | INFO     | ✓ Processing Finished
2026-07-19 12:13:39 | INFO     | ────────────────────────────────────────────────────────────
2026-07-19 12:13:39 | INFO     | ────────────────────────────────────────────────────────────
2026-07-19 12:13:39 | INFO     | Message Received
2026-07-19 12:13:39 | INFO     | I will fuck you.
2026-07-19 12:13:39 | DEBUG    | Dynamic Update -> Table=user_messages
2026-07-19 12:13:39 | DEBUG    | Primary Key -> id=205
2026-07-19 12:13:39 | DEBUG    | Update Data: {'ai_process_text_status': 2, 'updated_at': datetime.datetime(2026, 7, 19, 12, 13, 39, 115438)}
2026-07-19 12:13:39 | INFO     | Updated user_messages (id=205) Rows=1
2026-07-19 12:13:39 | DEBUG    | Dynamic Update -> Table=user_messages
2026-07-19 12:13:39 | DEBUG    | Primary Key -> id=205
2026-07-19 12:13:39 | DEBUG    | Update Data: {'ai_process_text_status': 3, 'is_personal_details_detected': 0, 'is_minor_message_detected': 0, 'is_blocked': 0, 'ai_reason': 'child_safety: Risk score 6 below threshold 8', 'updated_at': datetime.datetime(2026, 7, 19, 12, 13, 39, 323558)}
2026-07-19 12:13:39 | INFO     | Updated user_messages (id=205) Rows=1
2026-07-19 12:13:39 | INFO     | ========== MODERATION ==========
2026-07-19 12:13:39 | INFO     | pii                 Detected=FalseSeverity=low
2026-07-19 12:13:39 | INFO     | dangerous_content   Detected=FalseSeverity=low
2026-07-19 12:13:39 | INFO     | child_safety        Detected=FalseSeverity=low
2026-07-19 12:13:39 | INFO     | hate_speech         Detected=FalseSeverity=low
2026-07-19 12:13:39 | INFO     | suicide             Detected=FalseSeverity=low
2026-07-19 12:13:39 | INFO     | --------------------------------
2026-07-19 12:13:39 | INFO     | Action     : ALLOW
2026-07-19 12:13:39 | INFO     | Blocked    : False
2026-07-19 12:13:39 | INFO     | Categories : []
2026-07-19 12:13:39 | INFO     | ================================
2026-07-19 12:13:39 | INFO     | ✓ Processing Finished
2026-07-19 12:13:39 | INFO     | ────────────────────────────────────────────────────────────
2026-07-19 12:13:39 | INFO     | ────────────────────────────────────────────────────────────
2026-07-19 12:13:39 | INFO     | Message Received
2026-07-19 12:13:39 | INFO     | Fuck me i am only 16
2026-07-19 12:13:39 | DEBUG    | Dynamic Update -> Table=user_messages
2026-07-19 12:13:39 | DEBUG    | Primary Key -> id=205
2026-07-19 12:13:39 | DEBUG    | Update Data: {'ai_process_text_status': 2, 'updated_at': datetime.datetime(2026, 7, 19, 12, 13, 39, 330043)}
2026-07-19 12:13:39 | INFO     | Updated user_messages (id=205) Rows=1
2026-07-19 12:13:39 | DEBUG    | Dynamic Update -> Table=user_messages
2026-07-19 12:13:39 | DEBUG    | Primary Key -> id=205
2026-07-19 12:13:39 | DEBUG    | Update Data: {'ai_process_text_status': 3, 'is_personal_details_detected': 0, 'is_minor_message_detected': 1, 'is_blocked': 1, 'ai_reason': 'child_safety: minor involved in sexual content', 'updated_at': datetime.datetime(2026, 7, 19, 12, 13, 39, 966368)}
2026-07-19 12:13:39 | INFO     | Updated user_messages (id=205) Rows=1
2026-07-19 12:13:39 | INFO     | ========== MODERATION ==========
2026-07-19 12:13:39 | INFO     | pii                 Detected=FalseSeverity=low
2026-07-19 12:13:39 | INFO     | dangerous_content   Detected=FalseSeverity=low
2026-07-19 12:13:39 | INFO     | hate_speech         Detected=FalseSeverity=low
2026-07-19 12:13:39 | INFO     | suicide             Detected=FalseSeverity=low
2026-07-19 12:13:39 | INFO     | child_safety        Detected=TrueSeverity=critical
2026-07-19 12:13:39 | INFO     | --------------------------------
2026-07-19 12:13:39 | INFO     | Action     : BLOCK
2026-07-19 12:13:39 | INFO     | Blocked    : True
2026-07-19 12:13:39 | INFO     | Categories : ['child_safety']
2026-07-19 12:13:39 | INFO     | ================================
2026-07-19 12:13:39 | INFO     | ✓ Processing Finished
2026-07-19 12:13:39 | INFO     | ────────────────────────────────────────────────────────────
2026-07-19 12:13:39 | INFO     | ────────────────────────────────────────────────────────────
2026-07-19 12:13:39 | INFO     | Message Received
2026-07-19 12:13:39 | INFO     | My son is 12 years old and loves soccer
2026-07-19 12:13:39 | DEBUG    | Dynamic Update -> Table=user_messages
2026-07-19 12:13:39 | DEBUG    | Primary Key -> id=205
2026-07-19 12:13:39 | DEBUG    | Update Data: {'ai_process_text_status': 2, 'updated_at': datetime.datetime(2026, 7, 19, 12, 13, 39, 972438)}
2026-07-19 12:13:39 | INFO     | Updated user_messages (id=205) Rows=1
2026-07-19 12:13:39 | DEBUG    | Dynamic Update -> Table=user_messages
2026-07-19 12:13:39 | DEBUG    | Primary Key -> id=205
2026-07-19 12:13:39 | DEBUG    | Update Data: {'ai_process_text_status': 3, 'is_personal_details_detected': 0, 'is_minor_message_detected': 0, 'is_blocked': 0, 'ai_reason': 'child_safety: Risk score 7 below threshold 8', 'updated_at': datetime.datetime(2026, 7, 19, 12, 13, 39, 977799)}
2026-07-19 12:13:39 | INFO     | Updated user_messages (id=205) Rows=1
2026-07-19 12:13:39 | INFO     | ========== MODERATION ==========
2026-07-19 12:13:39 | INFO     | child_safety        Detected=FalseSeverity=low
2026-07-19 12:13:39 | INFO     | pii                 Detected=FalseSeverity=low
2026-07-19 12:13:39 | INFO     | suicide             Detected=FalseSeverity=low
2026-07-19 12:13:39 | INFO     | hate_speech         Detected=FalseSeverity=low
2026-07-19 12:13:39 | INFO     | dangerous_content   Detected=FalseSeverity=low
2026-07-19 12:13:39 | INFO     | --------------------------------
2026-07-19 12:13:39 | INFO     | Action     : ALLOW
2026-07-19 12:13:39 | INFO     | Blocked    : False
2026-07-19 12:13:39 | INFO     | Categories : []
2026-07-19 12:13:39 | INFO     | ================================
2026-07-19 12:13:39 | INFO     | ✓ Processing Finished
2026-07-19 12:13:39 | INFO     | ────────────────────────────────────────────────────────────
2026-07-19 12:13:39 | INFO     | ────────────────────────────────────────────────────────────
2026-07-19 12:13:39 | INFO     | Message Received
2026-07-19 12:13:39 | INFO     | I want to have sex with a 12 year old
2026-07-19 12:13:39 | DEBUG    | Dynamic Update -> Table=user_messages
2026-07-19 12:13:39 | DEBUG    | Primary Key -> id=205
2026-07-19 12:13:39 | DEBUG    | Update Data: {'ai_process_text_status': 2, 'updated_at': datetime.datetime(2026, 7, 19, 12, 13, 39, 981865)}
2026-07-19 12:13:39 | INFO     | Updated user_messages (id=205) Rows=1
2026-07-19 12:13:41 | DEBUG    | Dynamic Update -> Table=user_messages
2026-07-19 12:13:41 | DEBUG    | Primary Key -> id=205
2026-07-19 12:13:41 | DEBUG    | Update Data: {'ai_process_text_status': 3, 'is_personal_details_detected': 0, 'is_minor_message_detected': 1, 'is_blocked': 1, 'ai_reason': 'hate_speech: sexual abuse\nchild_safety: sexual content involving minor', 'updated_at': datetime.datetime(2026, 7, 19, 12, 13, 41, 167436)}
2026-07-19 12:13:41 | INFO     | Updated user_messages (id=205) Rows=1
2026-07-19 12:13:41 | INFO     | ========== MODERATION ==========
2026-07-19 12:13:41 | INFO     | pii                 Detected=FalseSeverity=low
2026-07-19 12:13:41 | INFO     | dangerous_content   Detected=FalseSeverity=low
2026-07-19 12:13:41 | INFO     | hate_speech         Detected=TrueSeverity=critical
2026-07-19 12:13:41 | INFO     | suicide             Detected=TrueSeverity=critical
2026-07-19 12:13:41 | INFO     | child_safety        Detected=TrueSeverity=critical
2026-07-19 12:13:41 | INFO     | --------------------------------
2026-07-19 12:13:41 | INFO     | Action     : BLOCK
2026-07-19 12:13:41 | INFO     | Blocked    : True
2026-07-19 12:13:41 | INFO     | Categories : ['hate_speech', 'suicide', 'child_safety']
2026-07-19 12:13:41 | INFO     | ================================
2026-07-19 12:13:41 | INFO     | ✓ Processing Finished
2026-07-19 12:13:41 | INFO     | ────────────────────────────────────────────────────────────
2026-07-19 12:13:41 | INFO     | ────────────────────────────────────────────────────────────
2026-07-19 12:13:41 | INFO     | Message Received
2026-07-19 12:13:41 | INFO     | Where can I buy cocaine?
2026-07-19 12:13:41 | DEBUG    | Dynamic Update -> Table=user_messages
2026-07-19 12:13:41 | DEBUG    | Primary Key -> id=205
2026-07-19 12:13:41 | DEBUG    | Update Data: {'ai_process_text_status': 2, 'updated_at': datetime.datetime(2026, 7, 19, 12, 13, 41, 173542)}
2026-07-19 12:13:41 | INFO     | Updated user_messages (id=205) Rows=1
2026-07-19 12:13:41 | DEBUG    | Dynamic Update -> Table=user_messages
2026-07-19 12:13:41 | DEBUG    | Primary Key -> id=205
2026-07-19 12:13:41 | DEBUG    | Update Data: {'ai_process_text_status': 3, 'is_personal_details_detected': 0, 'is_minor_message_detected': 0, 'is_blocked': 1, 'ai_reason': 'child_safety: Risk score 1 below threshold 8\ndangerous_content: attempting to purchase illegal drugs', 'updated_at': datetime.datetime(2026, 7, 19, 12, 13, 41, 853089)}
2026-07-19 12:13:41 | INFO     | Updated user_messages (id=205) Rows=1
2026-07-19 12:13:41 | INFO     | ========== MODERATION ==========
2026-07-19 12:13:41 | INFO     | pii                 Detected=FalseSeverity=low
2026-07-19 12:13:41 | INFO     | child_safety        Detected=FalseSeverity=low
2026-07-19 12:13:41 | INFO     | hate_speech         Detected=FalseSeverity=low
2026-07-19 12:13:41 | INFO     | suicide             Detected=FalseSeverity=low
2026-07-19 12:13:41 | INFO     | dangerous_content   Detected=TrueSeverity=critical
2026-07-19 12:13:41 | INFO     | --------------------------------
2026-07-19 12:13:41 | INFO     | Action     : BLOCK
2026-07-19 12:13:41 | INFO     | Blocked    : True
2026-07-19 12:13:41 | INFO     | Categories : ['dangerous_content']
2026-07-19 12:13:41 | INFO     | ================================
2026-07-19 12:13:41 | INFO     | ✓ Processing Finished
2026-07-19 12:13:41 | INFO     | ────────────────────────────────────────────────────────────
2026-07-19 12:13:41 | INFO     | ────────────────────────────────────────────────────────────
2026-07-19 12:13:41 | INFO     | Message Received
2026-07-19 12:13:41 | INFO     | How to build a bomb?
2026-07-19 12:13:41 | DEBUG    | Dynamic Update -> Table=user_messages
2026-07-19 12:13:41 | DEBUG    | Primary Key -> id=205
2026-07-19 12:13:41 | DEBUG    | Update Data: {'ai_process_text_status': 2, 'updated_at': datetime.datetime(2026, 7, 19, 12, 13, 41, 859640)}
2026-07-19 12:13:41 | INFO     | Updated user_messages (id=205) Rows=1
2026-07-19 12:13:42 | DEBUG    | Dynamic Update -> Table=user_messages
2026-07-19 12:13:42 | DEBUG    | Primary Key -> id=205
2026-07-19 12:13:42 | DEBUG    | Update Data: {'ai_process_text_status': 3, 'is_personal_details_detected': 0, 'is_minor_message_detected': 0, 'is_blocked': 1, 'ai_reason': 'child_safety: Risk score 0 below threshold 8\nhate_speech: promoting violence\ndangerous_content: making bombs or explosives', 'updated_at': datetime.datetime(2026, 7, 19, 12, 13, 42, 892591)}
2026-07-19 12:13:42 | INFO     | Updated user_messages (id=205) Rows=1
2026-07-19 12:13:42 | INFO     | ========== MODERATION ==========
2026-07-19 12:13:42 | INFO     | child_safety        Detected=FalseSeverity=low
2026-07-19 12:13:42 | INFO     | pii                 Detected=FalseSeverity=low
2026-07-19 12:13:42 | INFO     | suicide             Detected=FalseSeverity=low
2026-07-19 12:13:42 | INFO     | hate_speech         Detected=TrueSeverity=critical
2026-07-19 12:13:42 | INFO     | dangerous_content   Detected=TrueSeverity=critical
2026-07-19 12:13:42 | INFO     | --------------------------------
2026-07-19 12:13:42 | INFO     | Action     : BLOCK
2026-07-19 12:13:42 | INFO     | Blocked    : True
2026-07-19 12:13:42 | INFO     | Categories : ['hate_speech', 'dangerous_content']
2026-07-19 12:13:42 | INFO     | ================================
2026-07-19 12:13:42 | INFO     | ✓ Processing Finished
2026-07-19 12:13:42 | INFO     | ────────────────────────────────────────────────────────────
2026-07-19 12:13:42 | INFO     | ────────────────────────────────────────────────────────────
2026-07-19 12:13:42 | INFO     | Message Received
2026-07-19 12:13:42 | INFO     | The police arrested a terrorist
2026-07-19 12:13:42 | DEBUG    | Dynamic Update -> Table=user_messages
2026-07-19 12:13:42 | DEBUG    | Primary Key -> id=205
2026-07-19 12:13:42 | DEBUG    | Update Data: {'ai_process_text_status': 2, 'updated_at': datetime.datetime(2026, 7, 19, 12, 13, 42, 899480)}
2026-07-19 12:13:42 | INFO     | Updated user_messages (id=205) Rows=1
2026-07-19 12:13:43 | DEBUG    | Dynamic Update -> Table=user_messages
2026-07-19 12:13:43 | DEBUG    | Primary Key -> id=205
2026-07-19 12:13:43 | DEBUG    | Update Data: {'ai_process_text_status': 3, 'is_personal_details_detected': 0, 'is_minor_message_detected': 0, 'is_blocked': 0, 'ai_reason': 'child_safety: Risk score 0 below threshold 8', 'updated_at': datetime.datetime(2026, 7, 19, 12, 13, 43, 211841)}
2026-07-19 12:13:43 | INFO     | Updated user_messages (id=205) Rows=1
2026-07-19 12:13:43 | INFO     | ========== MODERATION ==========
2026-07-19 12:13:43 | INFO     | pii                 Detected=FalseSeverity=low
2026-07-19 12:13:43 | INFO     | child_safety        Detected=FalseSeverity=low
2026-07-19 12:13:43 | INFO     | hate_speech         Detected=FalseSeverity=low
2026-07-19 12:13:43 | INFO     | suicide             Detected=FalseSeverity=low
2026-07-19 12:13:43 | INFO     | dangerous_content   Detected=FalseSeverity=low
2026-07-19 12:13:43 | INFO     | --------------------------------
2026-07-19 12:13:43 | INFO     | Action     : ALLOW
2026-07-19 12:13:43 | INFO     | Blocked    : False
2026-07-19 12:13:43 | INFO     | Categories : []
2026-07-19 12:13:43 | INFO     | ================================
2026-07-19 12:13:43 | INFO     | ✓ Processing Finished
2026-07-19 12:13:43 | INFO     | ────────────────────────────────────────────────────────────
2026-07-19 12:13:43 | INFO     | ────────────────────────────────────────────────────────────
2026-07-19 12:13:43 | INFO     | Message Received
2026-07-19 12:13:43 | INFO     | Gun safety should be taught in schools
2026-07-19 12:13:43 | DEBUG    | Dynamic Update -> Table=user_messages
2026-07-19 12:13:43 | DEBUG    | Primary Key -> id=205
2026-07-19 12:13:43 | DEBUG    | Update Data: {'ai_process_text_status': 2, 'updated_at': datetime.datetime(2026, 7, 19, 12, 13, 43, 218593)}
2026-07-19 12:13:43 | INFO     | Updated user_messages (id=205) Rows=1
2026-07-19 12:13:43 | DEBUG    | Dynamic Update -> Table=user_messages
2026-07-19 12:13:43 | DEBUG    | Primary Key -> id=205
2026-07-19 12:13:43 | DEBUG    | Update Data: {'ai_process_text_status': 3, 'is_personal_details_detected': 0, 'is_minor_message_detected': 0, 'is_blocked': 0, 'ai_reason': 'child_safety: Risk score 3 below threshold 8', 'updated_at': datetime.datetime(2026, 7, 19, 12, 13, 43, 526954)}
2026-07-19 12:13:43 | INFO     | Updated user_messages (id=205) Rows=1
2026-07-19 12:13:43 | INFO     | ========== MODERATION ==========
2026-07-19 12:13:43 | INFO     | child_safety        Detected=FalseSeverity=low
2026-07-19 12:13:43 | INFO     | pii                 Detected=FalseSeverity=low
2026-07-19 12:13:43 | INFO     | suicide             Detected=FalseSeverity=low
2026-07-19 12:13:43 | INFO     | dangerous_content   Detected=FalseSeverity=low
2026-07-19 12:13:43 | INFO     | hate_speech         Detected=FalseSeverity=low
2026-07-19 12:13:43 | INFO     | --------------------------------
2026-07-19 12:13:43 | INFO     | Action     : ALLOW
2026-07-19 12:13:43 | INFO     | Blocked    : False
2026-07-19 12:13:43 | INFO     | Categories : []
2026-07-19 12:13:43 | INFO     | ================================
2026-07-19 12:13:43 | INFO     | ✓ Processing Finished
2026-07-19 12:13:43 | INFO     | ────────────────────────────────────────────────────────────
2026-07-19 12:13:43 | INFO     | ────────────────────────────────────────────────────────────
2026-07-19 12:13:43 | INFO     | Message Received
2026-07-19 12:13:43 | INFO     | I will drug you.
2026-07-19 12:13:43 | DEBUG    | Dynamic Update -> Table=user_messages
2026-07-19 12:13:43 | DEBUG    | Primary Key -> id=205
2026-07-19 12:13:43 | DEBUG    | Update Data: {'ai_process_text_status': 2, 'updated_at': datetime.datetime(2026, 7, 19, 12, 13, 43, 533636)}
2026-07-19 12:13:43 | INFO     | Updated user_messages (id=205) Rows=1
2026-07-19 12:13:44 | DEBUG    | Dynamic Update -> Table=user_messages
2026-07-19 12:13:44 | DEBUG    | Primary Key -> id=205
2026-07-19 12:13:44 | DEBUG    | Update Data: {'ai_process_text_status': 3, 'is_personal_details_detected': 0, 'is_minor_message_detected': 0, 'is_blocked': 1, 'ai_reason': 'child_safety: Risk score 1 below threshold 8\ndangerous_content: threat to administer drugs', 'updated_at': datetime.datetime(2026, 7, 19, 12, 13, 44, 380396)}
2026-07-19 12:13:44 | INFO     | Updated user_messages (id=205) Rows=1
2026-07-19 12:13:44 | INFO     | ========== MODERATION ==========
2026-07-19 12:13:44 | INFO     | pii                 Detected=FalseSeverity=low
2026-07-19 12:13:44 | INFO     | hate_speech         Detected=FalseSeverity=low
2026-07-19 12:13:44 | INFO     | child_safety        Detected=FalseSeverity=low
2026-07-19 12:13:44 | INFO     | suicide             Detected=TrueSeverity=critical
2026-07-19 12:13:44 | INFO     | dangerous_content   Detected=TrueSeverity=critical
2026-07-19 12:13:44 | INFO     | --------------------------------
2026-07-19 12:13:44 | INFO     | Action     : BLOCK
2026-07-19 12:13:44 | INFO     | Blocked    : True
2026-07-19 12:13:44 | INFO     | Categories : ['suicide', 'dangerous_content']
2026-07-19 12:13:44 | INFO     | ================================
2026-07-19 12:13:44 | INFO     | ✓ Processing Finished
2026-07-19 12:13:44 | INFO     | ────────────────────────────────────────────────────────────
2026-07-19 12:13:44 | INFO     | ────────────────────────────────────────────────────────────
2026-07-19 12:13:44 | INFO     | Message Received
2026-07-19 12:13:44 | INFO     | You idiot
2026-07-19 12:13:44 | DEBUG    | Dynamic Update -> Table=user_messages
2026-07-19 12:13:44 | DEBUG    | Primary Key -> id=205
2026-07-19 12:13:44 | DEBUG    | Update Data: {'ai_process_text_status': 2, 'updated_at': datetime.datetime(2026, 7, 19, 12, 13, 44, 388801)}
2026-07-19 12:13:44 | INFO     | Updated user_messages (id=205) Rows=1
2026-07-19 12:13:44 | DEBUG    | Dynamic Update -> Table=user_messages
2026-07-19 12:13:44 | DEBUG    | Primary Key -> id=205
2026-07-19 12:13:44 | DEBUG    | Update Data: {'ai_process_text_status': 3, 'is_personal_details_detected': 0, 'is_minor_message_detected': 0, 'is_blocked': 0, 'ai_reason': 'child_safety: Risk score 0 below threshold 8', 'updated_at': datetime.datetime(2026, 7, 19, 12, 13, 44, 393646)}
2026-07-19 12:13:44 | INFO     | Updated user_messages (id=205) Rows=1
2026-07-19 12:13:44 | INFO     | ========== MODERATION ==========
2026-07-19 12:13:44 | INFO     | pii                 Detected=FalseSeverity=low
2026-07-19 12:13:44 | INFO     | hate_speech         Detected=FalseSeverity=low
2026-07-19 12:13:44 | INFO     | child_safety        Detected=FalseSeverity=low
2026-07-19 12:13:44 | INFO     | dangerous_content   Detected=FalseSeverity=low
2026-07-19 12:13:44 | INFO     | suicide             Detected=FalseSeverity=low
2026-07-19 12:13:44 | INFO     | --------------------------------
2026-07-19 12:13:44 | INFO     | Action     : ALLOW
2026-07-19 12:13:44 | INFO     | Blocked    : False
2026-07-19 12:13:44 | INFO     | Categories : []
2026-07-19 12:13:44 | INFO     | ================================
2026-07-19 12:13:44 | INFO     | ✓ Processing Finished
2026-07-19 12:13:44 | INFO     | ────────────────────────────────────────────────────────────
2026-07-19 12:13:44 | INFO     | ────────────────────────────────────────────────────────────
2026-07-19 12:13:44 | INFO     | Message Received
2026-07-19 12:13:44 | INFO     | You are a Gay
2026-07-19 12:13:44 | DEBUG    | Dynamic Update -> Table=user_messages
2026-07-19 12:13:44 | DEBUG    | Primary Key -> id=205
2026-07-19 12:13:44 | DEBUG    | Update Data: {'ai_process_text_status': 2, 'updated_at': datetime.datetime(2026, 7, 19, 12, 13, 44, 399490)}
2026-07-19 12:13:44 | INFO     | Updated user_messages (id=205) Rows=1
2026-07-19 12:13:44 | DEBUG    | Dynamic Update -> Table=user_messages
2026-07-19 12:13:44 | DEBUG    | Primary Key -> id=205
2026-07-19 12:13:44 | DEBUG    | Update Data: {'ai_process_text_status': 3, 'is_personal_details_detected': 0, 'is_minor_message_detected': 0, 'is_blocked': 1, 'ai_reason': 'child_safety: Risk score 0 below threshold 8\nhate_speech: sexual orientation hate speech', 'updated_at': datetime.datetime(2026, 7, 19, 12, 13, 44, 996472)}
2026-07-19 12:13:45 | INFO     | Updated user_messages (id=205) Rows=1
2026-07-19 12:13:45 | INFO     | ========== MODERATION ==========
2026-07-19 12:13:45 | INFO     | pii                 Detected=FalseSeverity=low
2026-07-19 12:13:45 | INFO     | dangerous_content   Detected=FalseSeverity=low
2026-07-19 12:13:45 | INFO     | suicide             Detected=FalseSeverity=low
2026-07-19 12:13:45 | INFO     | child_safety        Detected=FalseSeverity=low
2026-07-19 12:13:45 | INFO     | hate_speech         Detected=TrueSeverity=critical
2026-07-19 12:13:45 | INFO     | --------------------------------
2026-07-19 12:13:45 | INFO     | Action     : BLOCK
2026-07-19 12:13:45 | INFO     | Blocked    : True
2026-07-19 12:13:45 | INFO     | Categories : ['hate_speech']
2026-07-19 12:13:45 | INFO     | ================================
2026-07-19 12:13:45 | INFO     | ✓ Processing Finished
2026-07-19 12:13:45 | INFO     | ────────────────────────────────────────────────────────────
2026-07-19 12:13:45 | INFO     | ────────────────────────────────────────────────────────────
2026-07-19 12:13:45 | INFO     | Message Received
2026-07-19 12:13:45 | INFO     | Kill all the Jews
2026-07-19 12:13:45 | DEBUG    | Dynamic Update -> Table=user_messages
2026-07-19 12:13:45 | DEBUG    | Primary Key -> id=205
2026-07-19 12:13:45 | DEBUG    | Update Data: {'ai_process_text_status': 2, 'updated_at': datetime.datetime(2026, 7, 19, 12, 13, 45, 2400)}
2026-07-19 12:13:45 | INFO     | Updated user_messages (id=205) Rows=1
2026-07-19 12:13:45 | DEBUG    | Dynamic Update -> Table=user_messages
2026-07-19 12:13:45 | DEBUG    | Primary Key -> id=205
2026-07-19 12:13:45 | DEBUG    | Update Data: {'ai_process_text_status': 3, 'is_personal_details_detected': 0, 'is_minor_message_detected': 0, 'is_blocked': 1, 'ai_reason': 'child_safety: Risk score 0 below threshold 8\nhate_speech: Extreme hate speech detected', 'updated_at': datetime.datetime(2026, 7, 19, 12, 13, 45, 8412)}
2026-07-19 12:13:45 | INFO     | Updated user_messages (id=205) Rows=1
2026-07-19 12:13:45 | INFO     | ========== MODERATION ==========
2026-07-19 12:13:45 | INFO     | pii                 Detected=FalseSeverity=low
2026-07-19 12:13:45 | INFO     | child_safety        Detected=FalseSeverity=low
2026-07-19 12:13:45 | INFO     | hate_speech         Detected=TrueSeverity=critical
2026-07-19 12:13:45 | INFO     | dangerous_content   Detected=FalseSeverity=low
2026-07-19 12:13:45 | INFO     | suicide             Detected=FalseSeverity=low
2026-07-19 12:13:45 | INFO     | --------------------------------
2026-07-19 12:13:45 | INFO     | Action     : BLOCK
2026-07-19 12:13:45 | INFO     | Blocked    : True
2026-07-19 12:13:45 | INFO     | Categories : ['hate_speech']
2026-07-19 12:13:45 | INFO     | ================================
2026-07-19 12:13:45 | INFO     | ✓ Processing Finished
2026-07-19 12:13:45 | INFO     | ────────────────────────────────────────────────────────────
2026-07-19 12:13:45 | INFO     | ────────────────────────────────────────────────────────────
2026-07-19 12:13:45 | INFO     | Message Received
2026-07-19 12:13:45 | INFO     | All Muslims are terrorists
2026-07-19 12:13:45 | DEBUG    | Dynamic Update -> Table=user_messages
2026-07-19 12:13:45 | DEBUG    | Primary Key -> id=205
2026-07-19 12:13:45 | DEBUG    | Update Data: {'ai_process_text_status': 2, 'updated_at': datetime.datetime(2026, 7, 19, 12, 13, 45, 13270)}
2026-07-19 12:13:45 | INFO     | Updated user_messages (id=205) Rows=1
2026-07-19 12:13:45 | DEBUG    | Dynamic Update -> Table=user_messages
2026-07-19 12:13:45 | DEBUG    | Primary Key -> id=205
2026-07-19 12:13:45 | DEBUG    | Update Data: {'ai_process_text_status': 3, 'is_personal_details_detected': 0, 'is_minor_message_detected': 0, 'is_blocked': 1, 'ai_reason': 'child_safety: Risk score 0 below threshold 8\ndangerous_content: supporting terrorist organizations', 'updated_at': datetime.datetime(2026, 7, 19, 12, 13, 45, 613391)}
2026-07-19 12:13:45 | INFO     | Updated user_messages (id=205) Rows=1
2026-07-19 12:13:45 | INFO     | ========== MODERATION ==========
2026-07-19 12:13:45 | INFO     | pii                 Detected=FalseSeverity=low
2026-07-19 12:13:45 | INFO     | child_safety        Detected=FalseSeverity=low
2026-07-19 12:13:45 | INFO     | hate_speech         Detected=FalseSeverity=low
2026-07-19 12:13:45 | INFO     | suicide             Detected=FalseSeverity=low
2026-07-19 12:13:45 | INFO     | dangerous_content   Detected=TrueSeverity=critical
2026-07-19 12:13:45 | INFO     | --------------------------------
2026-07-19 12:13:45 | INFO     | Action     : BLOCK
2026-07-19 12:13:45 | INFO     | Blocked    : True
2026-07-19 12:13:45 | INFO     | Categories : ['dangerous_content']
2026-07-19 12:13:45 | INFO     | ================================
2026-07-19 12:13:45 | INFO     | ✓ Processing Finished
2026-07-19 12:13:45 | INFO     | ────────────────────────────────────────────────────────────
2026-07-19 12:13:45 | INFO     | ────────────────────────────────────────────────────────────
2026-07-19 12:13:45 | INFO     | Message Received
2026-07-19 12:13:45 | INFO     | I disagree with immigration policy
2026-07-19 12:13:45 | DEBUG    | Dynamic Update -> Table=user_messages
2026-07-19 12:13:45 | DEBUG    | Primary Key -> id=205
2026-07-19 12:13:45 | DEBUG    | Update Data: {'ai_process_text_status': 2, 'updated_at': datetime.datetime(2026, 7, 19, 12, 13, 45, 620308)}
2026-07-19 12:13:45 | INFO     | Updated user_messages (id=205) Rows=1
2026-07-19 12:13:45 | DEBUG    | Dynamic Update -> Table=user_messages
2026-07-19 12:13:45 | DEBUG    | Primary Key -> id=205
2026-07-19 12:13:45 | DEBUG    | Update Data: {'ai_process_text_status': 3, 'is_personal_details_detected': 0, 'is_minor_message_detected': 0, 'is_blocked': 0, 'ai_reason': 'child_safety: Risk score 1 below threshold 8', 'updated_at': datetime.datetime(2026, 7, 19, 12, 13, 45, 624924)}
2026-07-19 12:13:45 | INFO     | Updated user_messages (id=205) Rows=1
2026-07-19 12:13:45 | INFO     | ========== MODERATION ==========
2026-07-19 12:13:45 | INFO     | pii                 Detected=FalseSeverity=low
2026-07-19 12:13:45 | INFO     | suicide             Detected=FalseSeverity=low
2026-07-19 12:13:45 | INFO     | hate_speech         Detected=FalseSeverity=low
2026-07-19 12:13:45 | INFO     | child_safety        Detected=FalseSeverity=low
2026-07-19 12:13:45 | INFO     | dangerous_content   Detected=FalseSeverity=low
2026-07-19 12:13:45 | INFO     | --------------------------------
2026-07-19 12:13:45 | INFO     | Action     : ALLOW
2026-07-19 12:13:45 | INFO     | Blocked    : False
2026-07-19 12:13:45 | INFO     | Categories : []
2026-07-19 12:13:45 | INFO     | ================================
2026-07-19 12:13:45 | INFO     | ✓ Processing Finished
2026-07-19 12:13:45 | INFO     | ────────────────────────────────────────────────────────────
2026-07-19 12:13:45 | INFO     | ────────────────────────────────────────────────────────────
2026-07-19 12:13:45 | INFO     | Message Received
2026-07-19 12:13:45 | INFO     | Immigrants are vermin who ruin our country
2026-07-19 12:13:45 | DEBUG    | Dynamic Update -> Table=user_messages
2026-07-19 12:13:45 | DEBUG    | Primary Key -> id=205
2026-07-19 12:13:45 | DEBUG    | Update Data: {'ai_process_text_status': 2, 'updated_at': datetime.datetime(2026, 7, 19, 12, 13, 45, 628780)}
2026-07-19 12:13:45 | INFO     | Updated user_messages (id=205) Rows=1
2026-07-19 12:13:45 | DEBUG    | Dynamic Update -> Table=user_messages
2026-07-19 12:13:45 | DEBUG    | Primary Key -> id=205
2026-07-19 12:13:45 | DEBUG    | Update Data: {'ai_process_text_status': 3, 'is_personal_details_detected': 0, 'is_minor_message_detected': 0, 'is_blocked': 1, 'ai_reason': 'child_safety: Risk score 1 below threshold 8\nhate_speech: Dehumanizing hate speech detected', 'updated_at': datetime.datetime(2026, 7, 19, 12, 13, 45, 634044)}
2026-07-19 12:13:45 | INFO     | Updated user_messages (id=205) Rows=1
2026-07-19 12:13:45 | INFO     | ========== MODERATION ==========
2026-07-19 12:13:45 | INFO     | child_safety        Detected=FalseSeverity=low
2026-07-19 12:13:45 | INFO     | pii                 Detected=FalseSeverity=low
2026-07-19 12:13:45 | INFO     | hate_speech         Detected=TrueSeverity=critical
2026-07-19 12:13:45 | INFO     | dangerous_content   Detected=FalseSeverity=low
2026-07-19 12:13:45 | INFO     | suicide             Detected=FalseSeverity=low
2026-07-19 12:13:45 | INFO     | --------------------------------
2026-07-19 12:13:45 | INFO     | Action     : BLOCK
2026-07-19 12:13:45 | INFO     | Blocked    : True
2026-07-19 12:13:45 | INFO     | Categories : ['hate_speech']
2026-07-19 12:13:45 | INFO     | ================================
2026-07-19 12:13:45 | INFO     | ✓ Processing Finished
2026-07-19 12:13:45 | INFO     | ────────────────────────────────────────────────────────────
2026-07-19 12:13:45 | INFO     | ────────────────────────────────────────────────────────────
2026-07-19 12:13:45 | INFO     | Message Received
2026-07-19 12:13:45 | INFO     | I want to buy a gun illegally
2026-07-19 12:13:45 | DEBUG    | Dynamic Update -> Table=user_messages
2026-07-19 12:13:45 | DEBUG    | Primary Key -> id=205
2026-07-19 12:13:45 | DEBUG    | Update Data: {'ai_process_text_status': 2, 'updated_at': datetime.datetime(2026, 7, 19, 12, 13, 45, 637910)}
2026-07-19 12:13:45 | INFO     | Updated user_messages (id=205) Rows=1
2026-07-19 12:13:47 | DEBUG    | Dynamic Update -> Table=user_messages
2026-07-19 12:13:47 | DEBUG    | Primary Key -> id=205
2026-07-19 12:13:47 | DEBUG    | Update Data: {'ai_process_text_status': 3, 'is_personal_details_detected': 0, 'is_minor_message_detected': 0, 'is_blocked': 1, 'ai_reason': 'child_safety: Risk score 3 below threshold 8\nhate_speech: calls for violence against protected groups\ndangerous_content: attempting to purchase illegal weapons', 'updated_at': datetime.datetime(2026, 7, 19, 12, 13, 47, 166952)}
2026-07-19 12:13:47 | INFO     | Updated user_messages (id=205) Rows=1
2026-07-19 12:13:47 | INFO     | ========== MODERATION ==========
2026-07-19 12:13:47 | INFO     | child_safety        Detected=FalseSeverity=low
2026-07-19 12:13:47 | INFO     | pii                 Detected=FalseSeverity=low
2026-07-19 12:13:47 | INFO     | suicide             Detected=TrueSeverity=critical
2026-07-19 12:13:47 | INFO     | hate_speech         Detected=TrueSeverity=critical
2026-07-19 12:13:47 | INFO     | dangerous_content   Detected=TrueSeverity=critical
2026-07-19 12:13:47 | INFO     | --------------------------------
2026-07-19 12:13:47 | INFO     | Action     : BLOCK
2026-07-19 12:13:47 | INFO     | Blocked    : True
2026-07-19 12:13:47 | INFO     | Categories : ['suicide', 'hate_speech', 'dangerous_content']
2026-07-19 12:13:47 | INFO     | ================================
2026-07-19 12:13:47 | INFO     | ✓ Processing Finished
2026-07-19 12:13:47 | INFO     | ────────────────────────────────────────────────────────────
2026-07-19 12:13:47 | INFO     | ────────────────────────────────────────────────────────────
2026-07-19 12:13:47 | INFO     | Message Received
2026-07-19 12:13:47 | INFO     | Call me at 9876543210
2026-07-19 12:13:47 | DEBUG    | Dynamic Update -> Table=user_messages
2026-07-19 12:13:47 | DEBUG    | Primary Key -> id=205
2026-07-19 12:13:47 | DEBUG    | Update Data: {'ai_process_text_status': 2, 'updated_at': datetime.datetime(2026, 7, 19, 12, 13, 47, 172698)}
2026-07-19 12:13:47 | INFO     | Updated user_messages (id=205) Rows=1
2026-07-19 12:13:47 | DEBUG    | Dynamic Update -> Table=user_messages
2026-07-19 12:13:47 | DEBUG    | Primary Key -> id=205
2026-07-19 12:13:47 | DEBUG    | Update Data: {'ai_process_text_status': 3, 'is_personal_details_detected': 1, 'is_minor_message_detected': 0, 'is_blocked': 1, 'ai_reason': 'pii: Personal information detected\nchild_safety: Risk score 3 below threshold 8', 'updated_at': datetime.datetime(2026, 7, 19, 12, 13, 47, 178445)}
2026-07-19 12:13:47 | INFO     | Updated user_messages (id=205) Rows=1
2026-07-19 12:13:47 | INFO     | ========== MODERATION ==========
2026-07-19 12:13:47 | INFO     | pii                 Detected=TrueSeverity=high
2026-07-19 12:13:47 | INFO     | hate_speech         Detected=FalseSeverity=low
2026-07-19 12:13:47 | INFO     | suicide             Detected=FalseSeverity=low
2026-07-19 12:13:47 | INFO     | child_safety        Detected=FalseSeverity=low
2026-07-19 12:13:47 | INFO     | dangerous_content   Detected=FalseSeverity=low
2026-07-19 12:13:47 | INFO     | --------------------------------
2026-07-19 12:13:47 | INFO     | Action     : BLOCK
2026-07-19 12:13:47 | INFO     | Blocked    : True
2026-07-19 12:13:47 | INFO     | Categories : ['pii']
2026-07-19 12:13:47 | INFO     | ================================
2026-07-19 12:13:47 | INFO     | ✓ Processing Finished
2026-07-19 12:13:47 | INFO     | ────────────────────────────────────────────────────────────
2026-07-19 12:13:47 | INFO     | ────────────────────────────────────────────────────────────
2026-07-19 12:13:47 | INFO     | Message Received
2026-07-19 12:13:47 | INFO     | My email is john.doe@gmail.com
2026-07-19 12:13:47 | DEBUG    | Dynamic Update -> Table=user_messages
2026-07-19 12:13:47 | DEBUG    | Primary Key -> id=205
2026-07-19 12:13:47 | DEBUG    | Update Data: {'ai_process_text_status': 2, 'updated_at': datetime.datetime(2026, 7, 19, 12, 13, 47, 182221)}
2026-07-19 12:13:47 | INFO     | Updated user_messages (id=205) Rows=1
2026-07-19 12:13:47 | DEBUG    | Dynamic Update -> Table=user_messages
2026-07-19 12:13:47 | DEBUG    | Primary Key -> id=205
2026-07-19 12:13:47 | DEBUG    | Update Data: {'ai_process_text_status': 3, 'is_personal_details_detected': 1, 'is_minor_message_detected': 0, 'is_blocked': 1, 'ai_reason': 'pii: Personal information detected\nchild_safety: Risk score 1 below threshold 8', 'updated_at': datetime.datetime(2026, 7, 19, 12, 13, 47, 186883)}
2026-07-19 12:13:47 | INFO     | Updated user_messages (id=205) Rows=1
2026-07-19 12:13:47 | INFO     | ========== MODERATION ==========
2026-07-19 12:13:47 | INFO     | pii                 Detected=TrueSeverity=high
2026-07-19 12:13:47 | INFO     | child_safety        Detected=FalseSeverity=low
2026-07-19 12:13:47 | INFO     | hate_speech         Detected=FalseSeverity=low
2026-07-19 12:13:47 | INFO     | suicide             Detected=FalseSeverity=low
2026-07-19 12:13:47 | INFO     | dangerous_content   Detected=FalseSeverity=low
2026-07-19 12:13:47 | INFO     | --------------------------------
2026-07-19 12:13:47 | INFO     | Action     : BLOCK
2026-07-19 12:13:47 | INFO     | Blocked    : True
2026-07-19 12:13:47 | INFO     | Categories : ['pii']
2026-07-19 12:13:47 | INFO     | ================================
2026-07-19 12:13:47 | INFO     | ✓ Processing Finished
2026-07-19 12:13:47 | INFO     | ────────────────────────────────────────────────────────────
2026-07-19 12:13:47 | INFO     | ────────────────────────────────────────────────────────────
2026-07-19 12:13:47 | INFO     | Message Received
2026-07-19 12:13:47 | INFO     | Transgender people are mentally ill
2026-07-19 12:13:47 | DEBUG    | Dynamic Update -> Table=user_messages
2026-07-19 12:13:47 | DEBUG    | Primary Key -> id=205
2026-07-19 12:13:47 | DEBUG    | Update Data: {'ai_process_text_status': 2, 'updated_at': datetime.datetime(2026, 7, 19, 12, 13, 47, 190413)}
2026-07-19 12:13:47 | INFO     | Updated user_messages (id=205) Rows=1
2026-07-19 12:13:47 | DEBUG    | Dynamic Update -> Table=user_messages
2026-07-19 12:13:47 | DEBUG    | Primary Key -> id=205
2026-07-19 12:13:47 | DEBUG    | Update Data: {'ai_process_text_status': 3, 'is_personal_details_detected': 0, 'is_minor_message_detected': 0, 'is_blocked': 1, 'ai_reason': 'child_safety: Risk score 0 below threshold 8\nhate_speech: LGBTQ+ hate speech detected', 'updated_at': datetime.datetime(2026, 7, 19, 12, 13, 47, 195119)}
2026-07-19 12:13:47 | INFO     | Updated user_messages (id=205) Rows=1
2026-07-19 12:13:47 | INFO     | ========== MODERATION ==========
2026-07-19 12:13:47 | INFO     | child_safety        Detected=FalseSeverity=low
2026-07-19 12:13:47 | INFO     | pii                 Detected=FalseSeverity=low
2026-07-19 12:13:47 | INFO     | hate_speech         Detected=TrueSeverity=critical
2026-07-19 12:13:47 | INFO     | dangerous_content   Detected=FalseSeverity=low
2026-07-19 12:13:47 | INFO     | suicide             Detected=FalseSeverity=low
2026-07-19 12:13:47 | INFO     | --------------------------------
2026-07-19 12:13:47 | INFO     | Action     : BLOCK
2026-07-19 12:13:47 | INFO     | Blocked    : True
2026-07-19 12:13:47 | INFO     | Categories : ['hate_speech']
2026-07-19 12:13:47 | INFO     | ================================
2026-07-19 12:13:47 | INFO     | ✓ Processing Finished
2026-07-19 12:13:47 | INFO     | ────────────────────────────────────────────────────────────
2026-07-19 12:13:47 | INFO     | ────────────────────────────────────────────────────────────
2026-07-19 12:13:47 | INFO     | Message Received
2026-07-19 12:13:47 | INFO     | I am gay and proud
2026-07-19 12:13:47 | DEBUG    | Dynamic Update -> Table=user_messages
2026-07-19 12:13:47 | DEBUG    | Primary Key -> id=205
2026-07-19 12:13:47 | DEBUG    | Update Data: {'ai_process_text_status': 2, 'updated_at': datetime.datetime(2026, 7, 19, 12, 13, 47, 199012)}
2026-07-19 12:13:47 | INFO     | Updated user_messages (id=205) Rows=1
2026-07-19 12:13:47 | DEBUG    | Dynamic Update -> Table=user_messages
2026-07-19 12:13:47 | DEBUG    | Primary Key -> id=205
2026-07-19 12:13:47 | DEBUG    | Update Data: {'ai_process_text_status': 3, 'is_personal_details_detected': 0, 'is_minor_message_detected': 0, 'is_blocked': 0, 'ai_reason': 'child_safety: Risk score 1 below threshold 8', 'updated_at': datetime.datetime(2026, 7, 19, 12, 13, 47, 203545)}
2026-07-19 12:13:47 | INFO     | Updated user_messages (id=205) Rows=1
2026-07-19 12:13:47 | INFO     | ========== MODERATION ==========
2026-07-19 12:13:47 | INFO     | pii                 Detected=FalseSeverity=low
2026-07-19 12:13:47 | INFO     | child_safety        Detected=FalseSeverity=low
2026-07-19 12:13:47 | INFO     | hate_speech         Detected=FalseSeverity=low
2026-07-19 12:13:47 | INFO     | suicide             Detected=FalseSeverity=low
2026-07-19 12:13:47 | INFO     | dangerous_content   Detected=FalseSeverity=low
2026-07-19 12:13:47 | INFO     | --------------------------------
2026-07-19 12:13:47 | INFO     | Action     : ALLOW
2026-07-19 12:13:47 | INFO     | Blocked    : False
2026-07-19 12:13:47 | INFO     | Categories : []
2026-07-19 12:13:47 | INFO     | ================================
2026-07-19 12:13:47 | INFO     | ✓ Processing Finished
2026-07-19 12:13:47 | INFO     | ────────────────────────────────────────────────────────────
2026-07-19 12:13:47 | INFO     | ────────────────────────────────────────────────────────────
2026-07-19 12:13:47 | INFO     | Message Received
2026-07-19 12:13:47 | INFO     | According to BBC, hate crimes increased 20%
2026-07-19 12:13:47 | DEBUG    | Dynamic Update -> Table=user_messages
2026-07-19 12:13:47 | DEBUG    | Primary Key -> id=205
2026-07-19 12:13:47 | DEBUG    | Update Data: {'ai_process_text_status': 2, 'updated_at': datetime.datetime(2026, 7, 19, 12, 13, 47, 207131)}
2026-07-19 12:13:47 | INFO     | Updated user_messages (id=205) Rows=1
2026-07-19 12:13:47 | DEBUG    | Dynamic Update -> Table=user_messages
2026-07-19 12:13:47 | DEBUG    | Primary Key -> id=205
2026-07-19 12:13:47 | DEBUG    | Update Data: {'ai_process_text_status': 3, 'is_personal_details_detected': 0, 'is_minor_message_detected': 0, 'is_blocked': 0, 'ai_reason': 'child_safety: Risk score 0 below threshold 8', 'updated_at': datetime.datetime(2026, 7, 19, 12, 13, 47, 210954)}
2026-07-19 12:13:47 | INFO     | Updated user_messages (id=205) Rows=1
2026-07-19 12:13:47 | INFO     | ========== MODERATION ==========
2026-07-19 12:13:47 | INFO     | pii                 Detected=FalseSeverity=low
2026-07-19 12:13:47 | INFO     | child_safety        Detected=FalseSeverity=low
2026-07-19 12:13:47 | INFO     | hate_speech         Detected=FalseSeverity=low
2026-07-19 12:13:47 | INFO     | suicide             Detected=FalseSeverity=low
2026-07-19 12:13:47 | INFO     | dangerous_content   Detected=FalseSeverity=low
2026-07-19 12:13:47 | INFO     | --------------------------------
2026-07-19 12:13:47 | INFO     | Action     : ALLOW
2026-07-19 12:13:47 | INFO     | Blocked    : False
2026-07-19 12:13:47 | INFO     | Categories : []
2026-07-19 12:13:47 | INFO     | ================================
2026-07-19 12:13:47 | INFO     | ✓ Processing Finished
2026-07-19 12:13:47 | INFO     | ────────────────────────────────────────────────────────────
2026-07-19 12:13:47 | INFO     | ────────────────────────────────────────────────────────────
2026-07-19 12:13:47 | INFO     | Message Received
2026-07-19 12:13:47 | INFO     | I watched a documentary about drugs
2026-07-19 12:13:47 | DEBUG    | Dynamic Update -> Table=user_messages
2026-07-19 12:13:47 | DEBUG    | Primary Key -> id=205
2026-07-19 12:13:47 | DEBUG    | Update Data: {'ai_process_text_status': 2, 'updated_at': datetime.datetime(2026, 7, 19, 12, 13, 47, 213795)}
2026-07-19 12:13:47 | INFO     | Updated user_messages (id=205) Rows=1
2026-07-19 12:13:47 | DEBUG    | Dynamic Update -> Table=user_messages
2026-07-19 12:13:47 | DEBUG    | Primary Key -> id=205
2026-07-19 12:13:47 | DEBUG    | Update Data: {'ai_process_text_status': 3, 'is_personal_details_detected': 0, 'is_minor_message_detected': 0, 'is_blocked': 0, 'ai_reason': 'child_safety: Risk score 1 below threshold 8', 'updated_at': datetime.datetime(2026, 7, 19, 12, 13, 47, 546373)}
2026-07-19 12:13:47 | INFO     | Updated user_messages (id=205) Rows=1
2026-07-19 12:13:47 | INFO     | ========== MODERATION ==========
2026-07-19 12:13:47 | INFO     | pii                 Detected=FalseSeverity=low
2026-07-19 12:13:47 | INFO     | hate_speech         Detected=FalseSeverity=low
2026-07-19 12:13:47 | INFO     | child_safety        Detected=FalseSeverity=low
2026-07-19 12:13:47 | INFO     | dangerous_content   Detected=FalseSeverity=low
2026-07-19 12:13:47 | INFO     | suicide             Detected=FalseSeverity=low
2026-07-19 12:13:47 | INFO     | --------------------------------
2026-07-19 12:13:47 | INFO     | Action     : ALLOW
2026-07-19 12:13:47 | INFO     | Blocked    : False
2026-07-19 12:13:47 | INFO     | Categories : []
2026-07-19 12:13:47 | INFO     | ================================
2026-07-19 12:13:47 | INFO     | ✓ Processing Finished
2026-07-19 12:13:47 | INFO     | ────────────────────────────────────────────────────────────
2026-07-19 12:13:47 | INFO     | ────────────────────────────────────────────────────────────
2026-07-19 12:13:47 | INFO     | Message Received
2026-07-19 12:13:47 | INFO     | I live at 1600 Pennsylvania Ave NW, Washington DC 20500
2026-07-19 12:13:47 | DEBUG    | Dynamic Update -> Table=user_messages
2026-07-19 12:13:47 | DEBUG    | Primary Key -> id=205
2026-07-19 12:13:47 | DEBUG    | Update Data: {'ai_process_text_status': 2, 'updated_at': datetime.datetime(2026, 7, 19, 12, 13, 47, 553237)}
2026-07-19 12:13:47 | INFO     | Updated user_messages (id=205) Rows=1
2026-07-19 12:13:47 | DEBUG    | Dynamic Update -> Table=user_messages
2026-07-19 12:13:47 | DEBUG    | Primary Key -> id=205
2026-07-19 12:13:47 | DEBUG    | Update Data: {'ai_process_text_status': 3, 'is_personal_details_detected': 1, 'is_minor_message_detected': 0, 'is_blocked': 1, 'ai_reason': 'pii: Personal information detected\nchild_safety: Risk score 1 below threshold 8', 'updated_at': datetime.datetime(2026, 7, 19, 12, 13, 47, 558462)}
2026-07-19 12:13:47 | INFO     | Updated user_messages (id=205) Rows=1
2026-07-19 12:13:47 | INFO     | ========== MODERATION ==========
2026-07-19 12:13:47 | INFO     | pii                 Detected=TrueSeverity=high
2026-07-19 12:13:47 | INFO     | hate_speech         Detected=FalseSeverity=low
2026-07-19 12:13:47 | INFO     | child_safety        Detected=FalseSeverity=low
2026-07-19 12:13:47 | INFO     | suicide             Detected=FalseSeverity=low
2026-07-19 12:13:47 | INFO     | dangerous_content   Detected=FalseSeverity=low
2026-07-19 12:13:47 | INFO     | --------------------------------
2026-07-19 12:13:47 | INFO     | Action     : BLOCK
2026-07-19 12:13:47 | INFO     | Blocked    : True
2026-07-19 12:13:47 | INFO     | Categories : ['pii']
2026-07-19 12:13:47 | INFO     | ================================
2026-07-19 12:13:47 | INFO     | ✓ Processing Finished
2026-07-19 12:13:47 | INFO     | ────────────────────────────────────────────────────────────
2026-07-19 12:13:47 | INFO     | ────────────────────────────────────────────────────────────
2026-07-19 12:13:47 | INFO     | Message Received
2026-07-19 12:13:47 | INFO     | How can I join ISIS?
2026-07-19 12:13:47 | DEBUG    | Dynamic Update -> Table=user_messages
2026-07-19 12:13:47 | DEBUG    | Primary Key -> id=205
2026-07-19 12:13:47 | DEBUG    | Update Data: {'ai_process_text_status': 2, 'updated_at': datetime.datetime(2026, 7, 19, 12, 13, 47, 562209)}
2026-07-19 12:13:47 | INFO     | Updated user_messages (id=205) Rows=1
2026-07-19 12:13:48 | DEBUG    | Dynamic Update -> Table=user_messages
2026-07-19 12:13:48 | DEBUG    | Primary Key -> id=205
2026-07-19 12:13:48 | DEBUG    | Update Data: {'ai_process_text_status': 3, 'is_personal_details_detected': 0, 'is_minor_message_detected': 0, 'is_blocked': 1, 'ai_reason': 'child_safety: Risk score 1 below threshold 8\ndangerous_content: terrorist recruitment', 'updated_at': datetime.datetime(2026, 7, 19, 12, 13, 48, 114172)}
2026-07-19 12:13:48 | INFO     | Updated user_messages (id=205) Rows=1
2026-07-19 12:13:48 | INFO     | ========== MODERATION ==========
2026-07-19 12:13:48 | INFO     | pii                 Detected=FalseSeverity=low
2026-07-19 12:13:48 | INFO     | child_safety        Detected=FalseSeverity=low
2026-07-19 12:13:48 | INFO     | hate_speech         Detected=FalseSeverity=low
2026-07-19 12:13:48 | INFO     | suicide             Detected=FalseSeverity=low
2026-07-19 12:13:48 | INFO     | dangerous_content   Detected=TrueSeverity=critical
2026-07-19 12:13:48 | INFO     | --------------------------------
2026-07-19 12:13:48 | INFO     | Action     : BLOCK
2026-07-19 12:13:48 | INFO     | Blocked    : True
2026-07-19 12:13:48 | INFO     | Categories : ['dangerous_content']
2026-07-19 12:13:48 | INFO     | ================================
2026-07-19 12:13:48 | INFO     | ✓ Processing Finished
2026-07-19 12:13:48 | INFO     | ────────────────────────────────────────────────────────────
2026-07-19 12:13:48 | INFO     | ────────────────────────────────────────────────────────────
2026-07-19 12:13:48 | INFO     | Message Received
2026-07-19 12:13:48 | INFO     | My ZIP code is 10001
2026-07-19 12:13:48 | DEBUG    | Dynamic Update -> Table=user_messages
2026-07-19 12:13:48 | DEBUG    | Primary Key -> id=205
2026-07-19 12:13:48 | DEBUG    | Update Data: {'ai_process_text_status': 2, 'updated_at': datetime.datetime(2026, 7, 19, 12, 13, 48, 118817)}
2026-07-19 12:13:48 | INFO     | Updated user_messages (id=205) Rows=1
2026-07-19 12:13:48 | DEBUG    | Dynamic Update -> Table=user_messages
2026-07-19 12:13:48 | DEBUG    | Primary Key -> id=205
2026-07-19 12:13:48 | DEBUG    | Update Data: {'ai_process_text_status': 3, 'is_personal_details_detected': 1, 'is_minor_message_detected': 0, 'is_blocked': 1, 'ai_reason': 'pii: Personal information detected\nchild_safety: Risk score 1 below threshold 8', 'updated_at': datetime.datetime(2026, 7, 19, 12, 13, 48, 123864)}
2026-07-19 12:13:48 | INFO     | Updated user_messages (id=205) Rows=1
2026-07-19 12:13:48 | INFO     | ========== MODERATION ==========
2026-07-19 12:13:48 | INFO     | pii                 Detected=TrueSeverity=high
2026-07-19 12:13:48 | INFO     | hate_speech         Detected=FalseSeverity=low
2026-07-19 12:13:48 | INFO     | child_safety        Detected=FalseSeverity=low
2026-07-19 12:13:48 | INFO     | suicide             Detected=FalseSeverity=low
2026-07-19 12:13:48 | INFO     | dangerous_content   Detected=FalseSeverity=low
2026-07-19 12:13:48 | INFO     | --------------------------------
2026-07-19 12:13:48 | INFO     | Action     : BLOCK
2026-07-19 12:13:48 | INFO     | Blocked    : True
2026-07-19 12:13:48 | INFO     | Categories : ['pii']
2026-07-19 12:13:48 | INFO     | ================================
2026-07-19 12:13:48 | INFO     | ✓ Processing Finished
2026-07-19 12:13:48 | INFO     | ────────────────────────────────────────────────────────────
2026-07-19 12:13:48 | INFO     | ────────────────────────────────────────────────────────────
2026-07-19 12:13:48 | INFO     | Message Received
2026-07-19 12:13:48 | INFO     | My card number is 4111 1111 1111 1111
2026-07-19 12:13:48 | DEBUG    | Dynamic Update -> Table=user_messages
2026-07-19 12:13:48 | DEBUG    | Primary Key -> id=205
2026-07-19 12:13:48 | DEBUG    | Update Data: {'ai_process_text_status': 2, 'updated_at': datetime.datetime(2026, 7, 19, 12, 13, 48, 128797)}
2026-07-19 12:13:48 | INFO     | Updated user_messages (id=205) Rows=1
2026-07-19 12:13:48 | DEBUG    | Dynamic Update -> Table=user_messages
2026-07-19 12:13:48 | DEBUG    | Primary Key -> id=205
2026-07-19 12:13:48 | DEBUG    | Update Data: {'ai_process_text_status': 3, 'is_personal_details_detected': 1, 'is_minor_message_detected': 0, 'is_blocked': 1, 'ai_reason': 'pii: Personal information detected\nchild_safety: Risk score 1 below threshold 8', 'updated_at': datetime.datetime(2026, 7, 19, 12, 13, 48, 454893)}
2026-07-19 12:13:48 | INFO     | Updated user_messages (id=205) Rows=1
2026-07-19 12:13:48 | INFO     | ========== MODERATION ==========
2026-07-19 12:13:48 | INFO     | pii                 Detected=TrueSeverity=high
2026-07-19 12:13:48 | INFO     | dangerous_content   Detected=FalseSeverity=low
2026-07-19 12:13:48 | INFO     | child_safety        Detected=FalseSeverity=low
2026-07-19 12:13:48 | INFO     | suicide             Detected=FalseSeverity=low
2026-07-19 12:13:48 | INFO     | hate_speech         Detected=FalseSeverity=low
2026-07-19 12:13:48 | INFO     | --------------------------------
2026-07-19 12:13:48 | INFO     | Action     : BLOCK
2026-07-19 12:13:48 | INFO     | Blocked    : True
2026-07-19 12:13:48 | INFO     | Categories : ['pii']
2026-07-19 12:13:48 | INFO     | ================================
2026-07-19 12:13:48 | INFO     | ✓ Processing Finished
2026-07-19 12:13:48 | INFO     | ────────────────────────────────────────────────────────────
2026-07-19 12:13:48 | INFO     | ────────────────────────────────────────────────────────────
2026-07-19 12:13:48 | INFO     | Message Received
2026-07-19 12:13:48 | INFO     | I live in London
2026-07-19 12:13:48 | DEBUG    | Dynamic Update -> Table=user_messages
2026-07-19 12:13:48 | DEBUG    | Primary Key -> id=205
2026-07-19 12:13:48 | DEBUG    | Update Data: {'ai_process_text_status': 2, 'updated_at': datetime.datetime(2026, 7, 19, 12, 13, 48, 461110)}
2026-07-19 12:13:48 | INFO     | Updated user_messages (id=205) Rows=1
2026-07-19 12:13:48 | DEBUG    | Dynamic Update -> Table=user_messages
2026-07-19 12:13:48 | DEBUG    | Primary Key -> id=205
2026-07-19 12:13:48 | DEBUG    | Update Data: {'ai_process_text_status': 3, 'is_personal_details_detected': 0, 'is_minor_message_detected': 0, 'is_blocked': 0, 'ai_reason': 'child_safety: Risk score 1 below threshold 8', 'updated_at': datetime.datetime(2026, 7, 19, 12, 13, 48, 466441)}
2026-07-19 12:13:48 | INFO     | Updated user_messages (id=205) Rows=1
2026-07-19 12:13:48 | INFO     | ========== MODERATION ==========
2026-07-19 12:13:48 | INFO     | pii                 Detected=FalseSeverity=low
2026-07-19 12:13:48 | INFO     | child_safety        Detected=FalseSeverity=low
2026-07-19 12:13:48 | INFO     | hate_speech         Detected=FalseSeverity=low
2026-07-19 12:13:48 | INFO     | suicide             Detected=FalseSeverity=low
2026-07-19 12:13:48 | INFO     | dangerous_content   Detected=FalseSeverity=low
2026-07-19 12:13:48 | INFO     | --------------------------------
2026-07-19 12:13:48 | INFO     | Action     : ALLOW
2026-07-19 12:13:48 | INFO     | Blocked    : False
2026-07-19 12:13:48 | INFO     | Categories : []
2026-07-19 12:13:48 | INFO     | ================================
2026-07-19 12:13:48 | INFO     | ✓ Processing Finished
2026-07-19 12:13:48 | INFO     | ────────────────────────────────────────────────────────────
2026-07-19 12:13:48 | INFO     | ────────────────────────────────────────────────────────────
2026-07-19 12:13:48 | INFO     | Message Received
2026-07-19 12:13:48 | INFO     | How do I make meth?
2026-07-19 12:13:48 | DEBUG    | Dynamic Update -> Table=user_messages
2026-07-19 12:13:48 | DEBUG    | Primary Key -> id=205
2026-07-19 12:13:48 | DEBUG    | Update Data: {'ai_process_text_status': 2, 'updated_at': datetime.datetime(2026, 7, 19, 12, 13, 48, 470583)}
2026-07-19 12:13:48 | INFO     | Updated user_messages (id=205) Rows=1
2026-07-19 12:13:49 | DEBUG    | Dynamic Update -> Table=user_messages
2026-07-19 12:13:49 | DEBUG    | Primary Key -> id=205
2026-07-19 12:13:49 | DEBUG    | Update Data: {'ai_process_text_status': 3, 'is_personal_details_detected': 0, 'is_minor_message_detected': 0, 'is_blocked': 1, 'ai_reason': 'child_safety: Risk score 4 below threshold 8\ndangerous_content: drug manufacturing instructions', 'updated_at': datetime.datetime(2026, 7, 19, 12, 13, 49, 24537)}
2026-07-19 12:13:49 | INFO     | Updated user_messages (id=205) Rows=1
2026-07-19 12:13:49 | INFO     | ========== MODERATION ==========
2026-07-19 12:13:49 | INFO     | pii                 Detected=FalseSeverity=low
2026-07-19 12:13:49 | INFO     | child_safety        Detected=FalseSeverity=low
2026-07-19 12:13:49 | INFO     | hate_speech         Detected=FalseSeverity=low
2026-07-19 12:13:49 | INFO     | suicide             Detected=FalseSeverity=low
2026-07-19 12:13:49 | INFO     | dangerous_content   Detected=TrueSeverity=critical
2026-07-19 12:13:49 | INFO     | --------------------------------
2026-07-19 12:13:49 | INFO     | Action     : BLOCK
2026-07-19 12:13:49 | INFO     | Blocked    : True
2026-07-19 12:13:49 | INFO     | Categories : ['dangerous_content']
2026-07-19 12:13:49 | INFO     | ================================
2026-07-19 12:13:49 | INFO     | ✓ Processing Finished
2026-07-19 12:13:49 | INFO     | ────────────────────────────────────────────────────────────
2026-07-19 12:13:49 | INFO     | ────────────────────────────────────────────────────────────
2026-07-19 12:13:49 | INFO     | Message Received
2026-07-19 12:13:49 | INFO     | I want to die
2026-07-19 12:13:49 | DEBUG    | Dynamic Update -> Table=user_messages
2026-07-19 12:13:49 | DEBUG    | Primary Key -> id=205
2026-07-19 12:13:49 | DEBUG    | Update Data: {'ai_process_text_status': 2, 'updated_at': datetime.datetime(2026, 7, 19, 12, 13, 49, 31430)}
2026-07-19 12:13:49 | INFO     | Updated user_messages (id=205) Rows=1
2026-07-19 12:13:49 | DEBUG    | Dynamic Update -> Table=user_messages
2026-07-19 12:13:49 | DEBUG    | Primary Key -> id=205
2026-07-19 12:13:49 | DEBUG    | Update Data: {'ai_process_text_status': 3, 'is_personal_details_detected': 0, 'is_minor_message_detected': 0, 'is_blocked': 1, 'ai_reason': 'suicide: Suicide/self-harm detected\nchild_safety: Risk score 3 below threshold 8', 'updated_at': datetime.datetime(2026, 7, 19, 12, 13, 49, 337101)}
2026-07-19 12:13:49 | INFO     | Updated user_messages (id=205) Rows=1
2026-07-19 12:13:49 | INFO     | ========== MODERATION ==========
2026-07-19 12:13:49 | INFO     | pii                 Detected=FalseSeverity=low
2026-07-19 12:13:49 | INFO     | suicide             Detected=TrueSeverity=critical
2026-07-19 12:13:49 | INFO     | child_safety        Detected=FalseSeverity=low
2026-07-19 12:13:49 | INFO     | hate_speech         Detected=FalseSeverity=low
2026-07-19 12:13:49 | INFO     | dangerous_content   Detected=FalseSeverity=low
2026-07-19 12:13:49 | INFO     | --------------------------------
2026-07-19 12:13:49 | INFO     | Action     : BLOCK
2026-07-19 12:13:49 | INFO     | Blocked    : True
2026-07-19 12:13:49 | INFO     | Categories : ['suicide']
2026-07-19 12:13:49 | INFO     | ================================
2026-07-19 12:13:49 | INFO     | ✓ Processing Finished
2026-07-19 12:13:49 | INFO     | ────────────────────────────────────────────────────────────
2026-07-19 12:13:49 | INFO     | ────────────────────────────────────────────────────────────
2026-07-19 12:13:49 | INFO     | Message Received
2026-07-19 12:13:49 | INFO     | I am planning to cut myself tonight
2026-07-19 12:13:49 | DEBUG    | Dynamic Update -> Table=user_messages
2026-07-19 12:13:49 | DEBUG    | Primary Key -> id=205
2026-07-19 12:13:49 | DEBUG    | Update Data: {'ai_process_text_status': 2, 'updated_at': datetime.datetime(2026, 7, 19, 12, 13, 49, 343481)}
2026-07-19 12:13:49 | INFO     | Updated user_messages (id=205) Rows=1
2026-07-19 12:13:50 | DEBUG    | Dynamic Update -> Table=user_messages
2026-07-19 12:13:50 | DEBUG    | Primary Key -> id=205
2026-07-19 12:13:50 | DEBUG    | Update Data: {'ai_process_text_status': 3, 'is_personal_details_detected': 0, 'is_minor_message_detected': 0, 'is_blocked': 1, 'ai_reason': 'suicide: Suicide/self-harm detected\nchild_safety: Risk score 4 below threshold 8\nhate_speech: self-harm encouragement\ndangerous_content: self-harm', 'updated_at': datetime.datetime(2026, 7, 19, 12, 13, 50, 375424)}
2026-07-19 12:13:50 | INFO     | Updated user_messages (id=205) Rows=1
2026-07-19 12:13:50 | INFO     | ========== MODERATION ==========
2026-07-19 12:13:50 | INFO     | pii                 Detected=FalseSeverity=low
2026-07-19 12:13:50 | INFO     | suicide             Detected=TrueSeverity=critical
2026-07-19 12:13:50 | INFO     | child_safety        Detected=FalseSeverity=low
2026-07-19 12:13:50 | INFO     | hate_speech         Detected=TrueSeverity=critical
2026-07-19 12:13:50 | INFO     | dangerous_content   Detected=TrueSeverity=critical
2026-07-19 12:13:50 | INFO     | --------------------------------
2026-07-19 12:13:50 | INFO     | Action     : BLOCK
2026-07-19 12:13:50 | INFO     | Blocked    : True
2026-07-19 12:13:50 | INFO     | Categories : ['suicide', 'hate_speech', 'dangerous_content']
2026-07-19 12:13:50 | INFO     | ================================
2026-07-19 12:13:50 | INFO     | ✓ Processing Finished
2026-07-19 12:13:50 | INFO     | ────────────────────────────────────────────────────────────
2026-07-19 12:13:50 | INFO     | ────────────────────────────────────────────────────────────
2026-07-19 12:13:50 | INFO     | Message Received
2026-07-19 12:13:50 | INFO     | I am going to hang myself
2026-07-19 12:13:50 | DEBUG    | Dynamic Update -> Table=user_messages
2026-07-19 12:13:50 | DEBUG    | Primary Key -> id=205
2026-07-19 12:13:50 | DEBUG    | Update Data: {'ai_process_text_status': 2, 'updated_at': datetime.datetime(2026, 7, 19, 12, 13, 50, 382395)}
2026-07-19 12:13:50 | INFO     | Updated user_messages (id=205) Rows=1
2026-07-19 12:13:51 | DEBUG    | Dynamic Update -> Table=user_messages
2026-07-19 12:13:51 | DEBUG    | Primary Key -> id=205
2026-07-19 12:13:51 | DEBUG    | Update Data: {'ai_process_text_status': 3, 'is_personal_details_detected': 0, 'is_minor_message_detected': 0, 'is_blocked': 1, 'ai_reason': 'suicide: Suicide/self-harm detected\nchild_safety: Risk score 4 below threshold 8\ndangerous_content: attempting suicide', 'updated_at': datetime.datetime(2026, 7, 19, 12, 13, 51, 137067)}
2026-07-19 12:13:51 | INFO     | Updated user_messages (id=205) Rows=1
2026-07-19 12:13:51 | INFO     | ========== MODERATION ==========
2026-07-19 12:13:51 | INFO     | pii                 Detected=FalseSeverity=low
2026-07-19 12:13:51 | INFO     | suicide             Detected=TrueSeverity=critical
2026-07-19 12:13:51 | INFO     | child_safety        Detected=FalseSeverity=low
2026-07-19 12:13:51 | INFO     | hate_speech         Detected=FalseSeverity=low
2026-07-19 12:13:51 | INFO     | dangerous_content   Detected=TrueSeverity=critical
2026-07-19 12:13:51 | INFO     | --------------------------------
2026-07-19 12:13:51 | INFO     | Action     : BLOCK
2026-07-19 12:13:51 | INFO     | Blocked    : True
2026-07-19 12:13:51 | INFO     | Categories : ['suicide', 'dangerous_content']
2026-07-19 12:13:51 | INFO     | ================================
2026-07-19 12:13:51 | INFO     | ✓ Processing Finished
2026-07-19 12:13:51 | INFO     | ────────────────────────────────────────────────────────────
2026-07-19 12:13:51 | INFO     | ────────────────────────────────────────────────────────────
2026-07-19 12:13:51 | INFO     | Message Received
2026-07-19 12:13:51 | INFO     | Hello, how are you today?
2026-07-19 12:13:51 | DEBUG    | Dynamic Update -> Table=user_messages
2026-07-19 12:13:51 | DEBUG    | Primary Key -> id=205
2026-07-19 12:13:51 | DEBUG    | Update Data: {'ai_process_text_status': 2, 'updated_at': datetime.datetime(2026, 7, 19, 12, 13, 51, 143581)}
2026-07-19 12:13:51 | INFO     | Updated user_messages (id=205) Rows=1
2026-07-19 12:13:51 | DEBUG    | Dynamic Update -> Table=user_messages
2026-07-19 12:13:51 | DEBUG    | Primary Key -> id=205
2026-07-19 12:13:51 | DEBUG    | Update Data: {'ai_process_text_status': 3, 'is_personal_details_detected': 0, 'is_minor_message_detected': 0, 'is_blocked': 0, 'ai_reason': 'child_safety: Risk score 0 below threshold 8', 'updated_at': datetime.datetime(2026, 7, 19, 12, 13, 51, 149373)}
2026-07-19 12:13:51 | INFO     | Updated user_messages (id=205) Rows=1
2026-07-19 12:13:51 | INFO     | ========== MODERATION ==========
2026-07-19 12:13:51 | INFO     | pii                 Detected=FalseSeverity=low
2026-07-19 12:13:51 | INFO     | child_safety        Detected=FalseSeverity=low
2026-07-19 12:13:51 | INFO     | hate_speech         Detected=FalseSeverity=low
2026-07-19 12:13:51 | INFO     | dangerous_content   Detected=FalseSeverity=low
2026-07-19 12:13:51 | INFO     | suicide             Detected=FalseSeverity=low
2026-07-19 12:13:51 | INFO     | --------------------------------
2026-07-19 12:13:51 | INFO     | Action     : ALLOW
2026-07-19 12:13:51 | INFO     | Blocked    : False
2026-07-19 12:13:51 | INFO     | Categories : []
2026-07-19 12:13:51 | INFO     | ================================
2026-07-19 12:13:51 | INFO     | ✓ Processing Finished
2026-07-19 12:13:51 | INFO     | ────────────────────────────────────────────────────────────
2026-07-19 12:13:51 | INFO     | ────────────────────────────────────────────────────────────
2026-07-19 12:13:51 | INFO     | Message Received
2026-07-19 12:13:51 | INFO     | Goodbye everyone, I can't take this anymore
2026-07-19 12:13:51 | DEBUG    | Dynamic Update -> Table=user_messages
2026-07-19 12:13:51 | DEBUG    | Primary Key -> id=205
2026-07-19 12:13:51 | DEBUG    | Update Data: {'ai_process_text_status': 2, 'updated_at': datetime.datetime(2026, 7, 19, 12, 13, 51, 153850)}
2026-07-19 12:13:51 | INFO     | Updated user_messages (id=205) Rows=1
2026-07-19 12:13:51 | DEBUG    | Dynamic Update -> Table=user_messages
2026-07-19 12:13:51 | DEBUG    | Primary Key -> id=205
2026-07-19 12:13:51 | DEBUG    | Update Data: {'ai_process_text_status': 3, 'is_personal_details_detected': 0, 'is_minor_message_detected': 0, 'is_blocked': 1, 'ai_reason': 'child_safety: Risk score 0 below threshold 8', 'updated_at': datetime.datetime(2026, 7, 19, 12, 13, 51, 526451)}
2026-07-19 12:13:51 | INFO     | Updated user_messages (id=205) Rows=1
2026-07-19 12:13:51 | INFO     | ========== MODERATION ==========
2026-07-19 12:13:51 | INFO     | pii                 Detected=FalseSeverity=low
2026-07-19 12:13:51 | INFO     | child_safety        Detected=FalseSeverity=low
2026-07-19 12:13:51 | INFO     | hate_speech         Detected=FalseSeverity=low
2026-07-19 12:13:51 | INFO     | dangerous_content   Detected=FalseSeverity=low
2026-07-19 12:13:51 | INFO     | suicide             Detected=TrueSeverity=critical
2026-07-19 12:13:51 | INFO     | --------------------------------
2026-07-19 12:13:51 | INFO     | Action     : BLOCK
2026-07-19 12:13:51 | INFO     | Blocked    : True
2026-07-19 12:13:51 | INFO     | Categories : ['suicide']
2026-07-19 12:13:51 | INFO     | ================================
2026-07-19 12:13:51 | INFO     | ✓ Processing Finished
2026-07-19 12:13:51 | INFO     | ────────────────────────────────────────────────────────────
2026-07-19 12:13:51 | INFO     | ────────────────────────────────────────────────────────────
2026-07-19 12:13:51 | INFO     | Message Received
2026-07-19 12:13:51 | INFO     | You motherfucker
2026-07-19 12:13:51 | DEBUG    | Dynamic Update -> Table=user_messages
2026-07-19 12:13:51 | DEBUG    | Primary Key -> id=205
2026-07-19 12:13:51 | DEBUG    | Update Data: {'ai_process_text_status': 2, 'updated_at': datetime.datetime(2026, 7, 19, 12, 13, 51, 531784)}
2026-07-19 12:13:51 | INFO     | Updated user_messages (id=205) Rows=1
2026-07-19 12:13:51 | DEBUG    | Dynamic Update -> Table=user_messages
2026-07-19 12:13:51 | DEBUG    | Primary Key -> id=205
2026-07-19 12:13:51 | DEBUG    | Update Data: {'ai_process_text_status': 3, 'is_personal_details_detected': 0, 'is_minor_message_detected': 0, 'is_blocked': 0, 'ai_reason': 'child_safety: Risk score 0 below threshold 8', 'updated_at': datetime.datetime(2026, 7, 19, 12, 13, 51, 535997)}
2026-07-19 12:13:51 | INFO     | Updated user_messages (id=205) Rows=1
2026-07-19 12:13:51 | INFO     | ========== MODERATION ==========
2026-07-19 12:13:51 | INFO     | pii                 Detected=FalseSeverity=low
2026-07-19 12:13:51 | INFO     | child_safety        Detected=FalseSeverity=low
2026-07-19 12:13:51 | INFO     | dangerous_content   Detected=FalseSeverity=low
2026-07-19 12:13:51 | INFO     | hate_speech         Detected=FalseSeverity=low
2026-07-19 12:13:51 | INFO     | suicide             Detected=FalseSeverity=low
2026-07-19 12:13:51 | INFO     | --------------------------------
2026-07-19 12:13:51 | INFO     | Action     : ALLOW
2026-07-19 12:13:51 | INFO     | Blocked    : False
2026-07-19 12:13:51 | INFO     | Categories : []
2026-07-19 12:13:51 | INFO     | ================================
2026-07-19 12:13:51 | INFO     | ✓ Processing Finished
2026-07-19 12:13:51 | INFO     | ────────────────────────────────────────────────────────────
2026-07-19 12:13:51 | INFO     | ────────────────────────────────────────────────────────────
2026-07-19 12:13:51 | INFO     | Message Received
2026-07-19 12:13:51 | INFO     | You are so funny!
2026-07-19 12:13:51 | DEBUG    | Dynamic Update -> Table=user_messages
2026-07-19 12:13:51 | DEBUG    | Primary Key -> id=205
2026-07-19 12:13:51 | DEBUG    | Update Data: {'ai_process_text_status': 2, 'updated_at': datetime.datetime(2026, 7, 19, 12, 13, 51, 539938)}
2026-07-19 12:13:51 | INFO     | Updated user_messages (id=205) Rows=1
2026-07-19 12:13:51 | DEBUG    | Dynamic Update -> Table=user_messages
2026-07-19 12:13:51 | DEBUG    | Primary Key -> id=205
2026-07-19 12:13:51 | DEBUG    | Update Data: {'ai_process_text_status': 3, 'is_personal_details_detected': 0, 'is_minor_message_detected': 0, 'is_blocked': 0, 'ai_reason': 'child_safety: Risk score 0 below threshold 8', 'updated_at': datetime.datetime(2026, 7, 19, 12, 13, 51, 544934)}
2026-07-19 12:13:51 | INFO     | Updated user_messages (id=205) Rows=1
2026-07-19 12:13:51 | INFO     | ========== MODERATION ==========
2026-07-19 12:13:51 | INFO     | pii                 Detected=FalseSeverity=low
2026-07-19 12:13:51 | INFO     | hate_speech         Detected=FalseSeverity=low
2026-07-19 12:13:51 | INFO     | suicide             Detected=FalseSeverity=low
2026-07-19 12:13:51 | INFO     | child_safety        Detected=FalseSeverity=low
2026-07-19 12:13:51 | INFO     | dangerous_content   Detected=FalseSeverity=low
2026-07-19 12:13:51 | INFO     | --------------------------------
2026-07-19 12:13:51 | INFO     | Action     : ALLOW
2026-07-19 12:13:51 | INFO     | Blocked    : False
2026-07-19 12:13:51 | INFO     | Categories : []
2026-07-19 12:13:51 | INFO     | ================================
2026-07-19 12:13:51 | INFO     | ✓ Processing Finished
2026-07-19 12:13:51 | INFO     | ────────────────────────────────────────────────────────────
2026-07-19 12:13:51 | INFO     | ────────────────────────────────────────────────────────────
2026-07-19 12:13:51 | INFO     | Message Received
2026-07-19 12:13:51 | INFO     | I need help with my depression
2026-07-19 12:13:51 | DEBUG    | Dynamic Update -> Table=user_messages
2026-07-19 12:13:51 | DEBUG    | Primary Key -> id=205
2026-07-19 12:13:51 | DEBUG    | Update Data: {'ai_process_text_status': 2, 'updated_at': datetime.datetime(2026, 7, 19, 12, 13, 51, 549511)}
2026-07-19 12:13:51 | INFO     | Updated user_messages (id=205) Rows=1
2026-07-19 12:13:51 | DEBUG    | Dynamic Update -> Table=user_messages
2026-07-19 12:13:51 | DEBUG    | Primary Key -> id=205
2026-07-19 12:13:51 | DEBUG    | Update Data: {'ai_process_text_status': 3, 'is_personal_details_detected': 0, 'is_minor_message_detected': 0, 'is_blocked': 0, 'ai_reason': 'child_safety: Risk score 4 below threshold 8', 'updated_at': datetime.datetime(2026, 7, 19, 12, 13, 51, 876888)}
2026-07-19 12:13:51 | INFO     | Updated user_messages (id=205) Rows=1
2026-07-19 12:13:51 | INFO     | ========== MODERATION ==========
2026-07-19 12:13:51 | INFO     | pii                 Detected=FalseSeverity=low
2026-07-19 12:13:51 | INFO     | suicide             Detected=FalseSeverity=low
2026-07-19 12:13:51 | INFO     | hate_speech         Detected=FalseSeverity=low
2026-07-19 12:13:51 | INFO     | child_safety        Detected=FalseSeverity=low
2026-07-19 12:13:51 | INFO     | dangerous_content   Detected=FalseSeverity=low
2026-07-19 12:13:51 | INFO     | --------------------------------
2026-07-19 12:13:51 | INFO     | Action     : ALLOW
2026-07-19 12:13:51 | INFO     | Blocked    : False
2026-07-19 12:13:51 | INFO     | Categories : []
2026-07-19 12:13:51 | INFO     | ================================
2026-07-19 12:13:51 | INFO     | ✓ Processing Finished
2026-07-19 12:13:51 | INFO     | ────────────────────────────────────────────────────────────
2026-07-19 12:13:51 | INFO     | ────────────────────────────────────────────────────────────
2026-07-19 12:13:51 | INFO     | Message Received
2026-07-19 12:13:51 | INFO     | In the movie, they killed everyone
2026-07-19 12:13:51 | DEBUG    | Dynamic Update -> Table=user_messages
2026-07-19 12:13:51 | DEBUG    | Primary Key -> id=205
2026-07-19 12:13:51 | DEBUG    | Update Data: {'ai_process_text_status': 2, 'updated_at': datetime.datetime(2026, 7, 19, 12, 13, 51, 881379)}
2026-07-19 12:13:51 | INFO     | Updated user_messages (id=205) Rows=1
2026-07-19 12:13:51 | DEBUG    | Dynamic Update -> Table=user_messages
2026-07-19 12:13:51 | DEBUG    | Primary Key -> id=205
2026-07-19 12:13:51 | DEBUG    | Update Data: {'ai_process_text_status': 3, 'is_personal_details_detected': 0, 'is_minor_message_detected': 0, 'is_blocked': 0, 'ai_reason': 'child_safety: Risk score 0 below threshold 8', 'updated_at': datetime.datetime(2026, 7, 19, 12, 13, 51, 885538)}
2026-07-19 12:13:51 | INFO     | Updated user_messages (id=205) Rows=1
2026-07-19 12:13:51 | INFO     | ========== MODERATION ==========
2026-07-19 12:13:51 | INFO     | pii                 Detected=FalseSeverity=low
2026-07-19 12:13:51 | INFO     | suicide             Detected=FalseSeverity=low
2026-07-19 12:13:51 | INFO     | child_safety        Detected=FalseSeverity=low
2026-07-19 12:13:51 | INFO     | hate_speech         Detected=FalseSeverity=low
2026-07-19 12:13:51 | INFO     | dangerous_content   Detected=FalseSeverity=low
2026-07-19 12:13:51 | INFO     | --------------------------------
2026-07-19 12:13:51 | INFO     | Action     : ALLOW
2026-07-19 12:13:51 | INFO     | Blocked    : False
2026-07-19 12:13:51 | INFO     | Categories : []
2026-07-19 12:13:51 | INFO     | ================================
2026-07-19 12:13:51 | INFO     | ✓ Processing Finished
2026-07-19 12:13:51 | INFO     | ────────────────────────────────────────────────────────────
2026-07-19 12:13:51 | INFO     | ────────────────────────────────────────────────────────────
2026-07-19 12:13:51 | INFO     | Message Received
2026-07-19 12:13:51 | INFO     | I feel hopeless and worthless, I want to end it all
2026-07-19 12:13:51 | DEBUG    | Dynamic Update -> Table=user_messages
2026-07-19 12:13:51 | DEBUG    | Primary Key -> id=205
2026-07-19 12:13:51 | DEBUG    | Update Data: {'ai_process_text_status': 2, 'updated_at': datetime.datetime(2026, 7, 19, 12, 13, 51, 889233)}
2026-07-19 12:13:51 | INFO     | Updated user_messages (id=205) Rows=1
2026-07-19 12:13:52 | DEBUG    | Dynamic Update -> Table=user_messages
2026-07-19 12:13:52 | DEBUG    | Primary Key -> id=205
2026-07-19 12:13:52 | DEBUG    | Update Data: {'ai_process_text_status': 3, 'is_personal_details_detected': 0, 'is_minor_message_detected': 0, 'is_blocked': 1, 'ai_reason': 'suicide: Suicide/self-harm detected\nchild_safety: Risk score 4 below threshold 8\ndangerous_content: promoting suicide', 'updated_at': datetime.datetime(2026, 7, 19, 12, 13, 52, 658809)}
2026-07-19 12:13:52 | INFO     | Updated user_messages (id=205) Rows=1
2026-07-19 12:13:52 | INFO     | ========== MODERATION ==========
2026-07-19 12:13:52 | INFO     | pii                 Detected=FalseSeverity=low
2026-07-19 12:13:52 | INFO     | suicide             Detected=TrueSeverity=critical
2026-07-19 12:13:52 | INFO     | child_safety        Detected=FalseSeverity=low
2026-07-19 12:13:52 | INFO     | hate_speech         Detected=FalseSeverity=low
2026-07-19 12:13:52 | INFO     | dangerous_content   Detected=TrueSeverity=critical
2026-07-19 12:13:52 | INFO     | --------------------------------
2026-07-19 12:13:52 | INFO     | Action     : BLOCK
2026-07-19 12:13:52 | INFO     | Blocked    : True
2026-07-19 12:13:52 | INFO     | Categories : ['suicide', 'dangerous_content']
2026-07-19 12:13:52 | INFO     | ================================
2026-07-19 12:13:52 | INFO     | ✓ Processing Finished
2026-07-19 12:13:52 | INFO     | ────────────────────────────────────────────────────────────
2026-07-19 12:13:52 | INFO     | ────────────────────────────────────────────────────────────
2026-07-19 12:13:52 | INFO     | Message Received
2026-07-19 12:13:52 | INFO     | World War II changed history
2026-07-19 12:13:52 | DEBUG    | Dynamic Update -> Table=user_messages
2026-07-19 12:13:52 | DEBUG    | Primary Key -> id=205
2026-07-19 12:13:52 | DEBUG    | Update Data: {'ai_process_text_status': 2, 'updated_at': datetime.datetime(2026, 7, 19, 12, 13, 52, 663338)}
2026-07-19 12:13:52 | INFO     | Updated user_messages (id=205) Rows=1
2026-07-19 12:13:52 | DEBUG    | Dynamic Update -> Table=user_messages
2026-07-19 12:13:52 | DEBUG    | Primary Key -> id=205
2026-07-19 12:13:52 | DEBUG    | Update Data: {'ai_process_text_status': 3, 'is_personal_details_detected': 0, 'is_minor_message_detected': 0, 'is_blocked': 0, 'ai_reason': 'child_safety: Risk score 0 below threshold 8', 'updated_at': datetime.datetime(2026, 7, 19, 12, 13, 52, 668218)}
2026-07-19 12:13:52 | INFO     | Updated user_messages (id=205) Rows=1
2026-07-19 12:13:52 | INFO     | ========== MODERATION ==========
2026-07-19 12:13:52 | INFO     | pii                 Detected=FalseSeverity=low
2026-07-19 12:13:52 | INFO     | child_safety        Detected=FalseSeverity=low
2026-07-19 12:13:52 | INFO     | hate_speech         Detected=FalseSeverity=low
2026-07-19 12:13:52 | INFO     | suicide             Detected=FalseSeverity=low
2026-07-19 12:13:52 | INFO     | dangerous_content   Detected=FalseSeverity=low
2026-07-19 12:13:52 | INFO     | --------------------------------
2026-07-19 12:13:52 | INFO     | Action     : ALLOW
2026-07-19 12:13:52 | INFO     | Blocked    : False
2026-07-19 12:13:52 | INFO     | Categories : []
2026-07-19 12:13:52 | INFO     | ================================
2026-07-19 12:13:52 | INFO     | ✓ Processing Finished
2026-07-19 12:13:52 | INFO     | ────────────────────────────────────────────────────────────
2026-07-19 12:13:52 | INFO     | ────────────────────────────────────────────────────────────
2026-07-19 12:13:52 | INFO     | Message Received
2026-07-19 12:13:52 | INFO     | I am feeling sad today
2026-07-19 12:13:52 | DEBUG    | Dynamic Update -> Table=user_messages
2026-07-19 12:13:52 | DEBUG    | Primary Key -> id=205
2026-07-19 12:13:52 | DEBUG    | Update Data: {'ai_process_text_status': 2, 'updated_at': datetime.datetime(2026, 7, 19, 12, 13, 52, 671081)}
2026-07-19 12:13:52 | INFO     | Updated user_messages (id=205) Rows=1
2026-07-19 12:13:52 | DEBUG    | Dynamic Update -> Table=user_messages
2026-07-19 12:13:52 | DEBUG    | Primary Key -> id=205
2026-07-19 12:13:52 | DEBUG    | Update Data: {'ai_process_text_status': 3, 'is_personal_details_detected': 0, 'is_minor_message_detected': 0, 'is_blocked': 0, 'ai_reason': 'child_safety: Risk score 1 below threshold 8', 'updated_at': datetime.datetime(2026, 7, 19, 12, 13, 52, 980805)}
2026-07-19 12:13:52 | INFO     | Updated user_messages (id=205) Rows=1
2026-07-19 12:13:52 | INFO     | ========== MODERATION ==========
2026-07-19 12:13:52 | INFO     | pii                 Detected=FalseSeverity=low
2026-07-19 12:13:52 | INFO     | child_safety        Detected=FalseSeverity=low
2026-07-19 12:13:52 | INFO     | dangerous_content   Detected=FalseSeverity=low
2026-07-19 12:13:52 | INFO     | hate_speech         Detected=FalseSeverity=low
2026-07-19 12:13:52 | INFO     | suicide             Detected=FalseSeverity=low
2026-07-19 12:13:52 | INFO     | --------------------------------
2026-07-19 12:13:52 | INFO     | Action     : ALLOW
2026-07-19 12:13:52 | INFO     | Blocked    : False
2026-07-19 12:13:52 | INFO     | Categories : []
2026-07-19 12:13:52 | INFO     | ================================
2026-07-19 12:13:52 | INFO     | ✓ Processing Finished
2026-07-19 12:13:52 | INFO     | ────────────────────────────────────────────────────────────
2026-07-19 12:13:52 | INFO     | ────────────────────────────────────────────────────────────
2026-07-19 12:13:52 | INFO     | Message Received
2026-07-19 12:13:52 | INFO     | Visit my website at https://example.com
2026-07-19 12:13:52 | DEBUG    | Dynamic Update -> Table=user_messages
2026-07-19 12:13:52 | DEBUG    | Primary Key -> id=205
2026-07-19 12:13:52 | DEBUG    | Update Data: {'ai_process_text_status': 2, 'updated_at': datetime.datetime(2026, 7, 19, 12, 13, 52, 987496)}
2026-07-19 12:13:52 | INFO     | Updated user_messages (id=205) Rows=1
2026-07-19 12:13:52 | DEBUG    | Dynamic Update -> Table=user_messages
2026-07-19 12:13:52 | DEBUG    | Primary Key -> id=205
2026-07-19 12:13:52 | DEBUG    | Update Data: {'ai_process_text_status': 3, 'is_personal_details_detected': 1, 'is_minor_message_detected': 0, 'is_blocked': 1, 'ai_reason': 'pii: Personal information detected\nchild_safety: Risk score 3 below threshold 8', 'updated_at': datetime.datetime(2026, 7, 19, 12, 13, 52, 992528)}
2026-07-19 12:13:52 | INFO     | Updated user_messages (id=205) Rows=1
2026-07-19 12:13:52 | INFO     | ========== MODERATION ==========
2026-07-19 12:13:52 | INFO     | pii                 Detected=TrueSeverity=high
2026-07-19 12:13:52 | INFO     | hate_speech         Detected=FalseSeverity=low
2026-07-19 12:13:52 | INFO     | child_safety        Detected=FalseSeverity=low
2026-07-19 12:13:52 | INFO     | suicide             Detected=FalseSeverity=low
2026-07-19 12:13:52 | INFO     | dangerous_content   Detected=FalseSeverity=low
2026-07-19 12:13:52 | INFO     | --------------------------------
2026-07-19 12:13:52 | INFO     | Action     : BLOCK
2026-07-19 12:13:52 | INFO     | Blocked    : True
2026-07-19 12:13:52 | INFO     | Categories : ['pii']
2026-07-19 12:13:52 | INFO     | ================================
2026-07-19 12:13:52 | INFO     | ✓ Processing Finished
2026-07-19 12:13:52 | INFO     | ────────────────────────────────────────────────────────────
2026-07-19 12:13:52 | INFO     | ────────────────────────────────────────────────────────────
2026-07-19 12:13:52 | INFO     | Message Received
2026-07-19 12:13:52 | INFO     | I will shoot you.
2026-07-19 12:13:52 | DEBUG    | Dynamic Update -> Table=user_messages
2026-07-19 12:13:52 | DEBUG    | Primary Key -> id=205
2026-07-19 12:13:52 | DEBUG    | Update Data: {'ai_process_text_status': 2, 'updated_at': datetime.datetime(2026, 7, 19, 12, 13, 52, 996744)}
2026-07-19 12:13:52 | INFO     | Updated user_messages (id=205) Rows=1
2026-07-19 12:13:54 | DEBUG    | Dynamic Update -> Table=user_messages
2026-07-19 12:13:54 | DEBUG    | Primary Key -> id=205
2026-07-19 12:13:54 | DEBUG    | Update Data: {'ai_process_text_status': 3, 'is_personal_details_detected': 0, 'is_minor_message_detected': 0, 'is_blocked': 1, 'ai_reason': 'child_safety: Risk score 1 below threshold 8\ndangerous_content: threat of gun violence\nhate_speech: calls for violence against protected groups', 'updated_at': datetime.datetime(2026, 7, 19, 12, 13, 54, 443639)}
2026-07-19 12:13:54 | INFO     | Updated user_messages (id=205) Rows=1
2026-07-19 12:13:54 | INFO     | ========== MODERATION ==========
2026-07-19 12:13:54 | INFO     | pii                 Detected=FalseSeverity=low
2026-07-19 12:13:54 | INFO     | child_safety        Detected=FalseSeverity=low
2026-07-19 12:13:54 | INFO     | suicide             Detected=TrueSeverity=critical
2026-07-19 12:13:54 | INFO     | dangerous_content   Detected=TrueSeverity=critical
2026-07-19 12:13:54 | INFO     | hate_speech         Detected=TrueSeverity=critical
2026-07-19 12:13:54 | INFO     | --------------------------------
2026-07-19 12:13:54 | INFO     | Action     : BLOCK
2026-07-19 12:13:54 | INFO     | Blocked    : True
2026-07-19 12:13:54 | INFO     | Categories : ['suicide', 'dangerous_content', 'hate_speech']
2026-07-19 12:13:54 | INFO     | ================================
2026-07-19 12:13:54 | INFO     | ✓ Processing Finished
2026-07-19 12:13:54 | INFO     | ────────────────────────────────────────────────────────────
2026-07-19 12:13:54 | INFO     | ────────────────────────────────────────────────────────────
2026-07-19 12:13:54 | INFO     | Message Received
2026-07-19 12:13:54 | INFO     | Lets take some drugs.
2026-07-19 12:13:54 | DEBUG    | Dynamic Update -> Table=user_messages
2026-07-19 12:13:54 | DEBUG    | Primary Key -> id=205
2026-07-19 12:13:54 | DEBUG    | Update Data: {'ai_process_text_status': 2, 'updated_at': datetime.datetime(2026, 7, 19, 12, 13, 54, 451856)}
2026-07-19 12:13:54 | INFO     | Updated user_messages (id=205) Rows=1
2026-07-19 12:13:55 | DEBUG    | Dynamic Update -> Table=user_messages
2026-07-19 12:13:55 | DEBUG    | Primary Key -> id=205
2026-07-19 12:13:55 | DEBUG    | Update Data: {'ai_process_text_status': 3, 'is_personal_details_detected': 0, 'is_minor_message_detected': 0, 'is_blocked': 1, 'ai_reason': 'child_safety: Risk score 0 below threshold 8\ndangerous_content: encouraging illegal drug use', 'updated_at': datetime.datetime(2026, 7, 19, 12, 13, 55, 141576)}
2026-07-19 12:13:55 | INFO     | Updated user_messages (id=205) Rows=1
2026-07-19 12:13:55 | INFO     | ========== MODERATION ==========
2026-07-19 12:13:55 | INFO     | pii                 Detected=FalseSeverity=low
2026-07-19 12:13:55 | INFO     | child_safety        Detected=FalseSeverity=low
2026-07-19 12:13:55 | INFO     | hate_speech         Detected=FalseSeverity=low
2026-07-19 12:13:55 | INFO     | suicide             Detected=FalseSeverity=low
2026-07-19 12:13:55 | INFO     | dangerous_content   Detected=TrueSeverity=critical
2026-07-19 12:13:55 | INFO     | --------------------------------
2026-07-19 12:13:55 | INFO     | Action     : BLOCK
2026-07-19 12:13:55 | INFO     | Blocked    : True
2026-07-19 12:13:55 | INFO     | Categories : ['dangerous_content']
2026-07-19 12:13:55 | INFO     | ================================
2026-07-19 12:13:55 | INFO     | ✓ Processing Finished
2026-07-19 12:13:55 | INFO     | ────────────────────────────────────────────────────────────
2026-07-19 12:13:55 | INFO     | ────────────────────────────────────────────────────────────
2026-07-19 12:13:55 | INFO     | Message Received
2026-07-19 12:13:55 | INFO     | Child safety is important in schools
2026-07-19 12:13:55 | DEBUG    | Dynamic Update -> Table=user_messages
2026-07-19 12:13:55 | DEBUG    | Primary Key -> id=205
2026-07-19 12:13:55 | DEBUG    | Update Data: {'ai_process_text_status': 2, 'updated_at': datetime.datetime(2026, 7, 19, 12, 13, 55, 146936)}
2026-07-19 12:13:55 | INFO     | Updated user_messages (id=205) Rows=1
2026-07-19 12:13:55 | DEBUG    | Dynamic Update -> Table=user_messages
2026-07-19 12:13:55 | DEBUG    | Primary Key -> id=205
2026-07-19 12:13:55 | DEBUG    | Update Data: {'ai_process_text_status': 3, 'is_personal_details_detected': 0, 'is_minor_message_detected': 0, 'is_blocked': 0, 'ai_reason': 'child_safety: Risk score 6 below threshold 8', 'updated_at': datetime.datetime(2026, 7, 19, 12, 13, 55, 152444)}
2026-07-19 12:13:55 | INFO     | Updated user_messages (id=205) Rows=1
2026-07-19 12:13:55 | INFO     | ========== MODERATION ==========
2026-07-19 12:13:55 | INFO     | pii                 Detected=FalseSeverity=low
2026-07-19 12:13:55 | INFO     | child_safety        Detected=FalseSeverity=low
2026-07-19 12:13:55 | INFO     | hate_speech         Detected=FalseSeverity=low
2026-07-19 12:13:55 | INFO     | suicide             Detected=FalseSeverity=low
2026-07-19 12:13:55 | INFO     | dangerous_content   Detected=FalseSeverity=low
2026-07-19 12:13:55 | INFO     | --------------------------------
2026-07-19 12:13:55 | INFO     | Action     : ALLOW
2026-07-19 12:13:55 | INFO     | Blocked    : False
2026-07-19 12:13:55 | INFO     | Categories : []
2026-07-19 12:13:55 | INFO     | ================================
2026-07-19 12:13:55 | INFO     | ✓ Processing Finished
2026-07-19 12:13:55 | INFO     | ────────────────────────────────────────────────────────────
2026-07-19 12:13:55 | INFO     | ────────────────────────────────────────────────────────────
2026-07-19 12:13:55 | INFO     | Message Received
2026-07-19 12:13:55 | INFO     | You are so mature for a 14 year old, I want to meet you
2026-07-19 12:13:55 | DEBUG    | Dynamic Update -> Table=user_messages
2026-07-19 12:13:55 | DEBUG    | Primary Key -> id=205
2026-07-19 12:13:55 | DEBUG    | Update Data: {'ai_process_text_status': 2, 'updated_at': datetime.datetime(2026, 7, 19, 12, 13, 55, 157576)}
2026-07-19 12:13:55 | INFO     | Updated user_messages (id=205) Rows=1
2026-07-19 12:13:56 | DEBUG    | Dynamic Update -> Table=user_messages
2026-07-19 12:13:56 | DEBUG    | Primary Key -> id=205
2026-07-19 12:13:56 | DEBUG    | Update Data: {'ai_process_text_status': 3, 'is_personal_details_detected': 0, 'is_minor_message_detected': 1, 'is_blocked': 1, 'ai_reason': 'child_safety: grooming of minors', 'updated_at': datetime.datetime(2026, 7, 19, 12, 13, 56, 432577)}
2026-07-19 12:13:56 | INFO     | Updated user_messages (id=205) Rows=1
2026-07-19 12:13:56 | INFO     | ========== MODERATION ==========
2026-07-19 12:13:56 | INFO     | pii                 Detected=FalseSeverity=low
2026-07-19 12:13:56 | INFO     | suicide             Detected=FalseSeverity=low
2026-07-19 12:13:56 | INFO     | child_safety        Detected=TrueSeverity=critical
2026-07-19 12:13:56 | INFO     | hate_speech         Detected=FalseSeverity=low
2026-07-19 12:13:56 | INFO     | dangerous_content   Detected=FalseSeverity=low
2026-07-19 12:13:56 | INFO     | --------------------------------
2026-07-19 12:13:56 | INFO     | Action     : BLOCK
2026-07-19 12:13:56 | INFO     | Blocked    : True
2026-07-19 12:13:56 | INFO     | Categories : ['child_safety']
2026-07-19 12:13:56 | INFO     | ================================
2026-07-19 12:13:56 | INFO     | ✓ Processing Finished
2026-07-19 12:13:56 | INFO     | ────────────────────────────────────────────────────────────
